  [1m[36m (59.1ms)[0m  [1mCREATE TABLE "schema_migrations" ("version" varchar NOT NULL) [0m
  [1m[35m (0.2ms)[0m  select sqlite_version(*)
  [1m[36m (59.4ms)[0m  [1mCREATE UNIQUE INDEX "unique_schema_migrations" ON "schema_migrations" ("version")[0m
  [1m[35mActiveRecord::SchemaMigration Load (0.5ms)[0m  SELECT "schema_migrations".* FROM "schema_migrations"
Migrating to CreatePosts (20150916145323)
  [1m[36m (0.2ms)[0m  [1mbegin transaction[0m
  [1m[35m (1.8ms)[0m  CREATE TABLE "posts" ("id" INTEGER PRIMARY KEY AUTOINCREMENT NOT NULL, "name" varchar, "post" varchar, "created_at" datetime NOT NULL, "updated_at" datetime NOT NULL) 
  [1m[36mSQL (0.9ms)[0m  [1mINSERT INTO "schema_migrations" ("version") VALUES (?)[0m  [["version", "20150916145323"]]
  [1m[35m (54.0ms)[0m  commit transaction
  [1m[36mActiveRecord::SchemaMigration Load (0.3ms)[0m  [1mSELECT "schema_migrations".* FROM "schema_migrations"[0m


Started GET "/" for 127.0.0.1 at 2015-09-16 21:08:54 +0600
  [1m[36mActiveRecord::SchemaMigration Load (0.3ms)[0m  [1mSELECT "schema_migrations".* FROM "schema_migrations"[0m

ActionController::RoutingError (uninitialized constant PagesController):
  activesupport (4.2.4) lib/active_support/inflector/methods.rb:261:in `const_get'
  activesupport (4.2.4) lib/active_support/inflector/methods.rb:261:in `block in constantize'
  activesupport (4.2.4) lib/active_support/inflector/methods.rb:259:in `each'
  activesupport (4.2.4) lib/active_support/inflector/methods.rb:259:in `inject'
  activesupport (4.2.4) lib/active_support/inflector/methods.rb:259:in `constantize'
  actionpack (4.2.4) lib/action_dispatch/routing/route_set.rb:72:in `controller_reference'
  actionpack (4.2.4) lib/action_dispatch/routing/route_set.rb:62:in `controller'
  actionpack (4.2.4) lib/action_dispatch/routing/route_set.rb:41:in `serve'
  actionpack (4.2.4) lib/action_dispatch/journey/router.rb:43:in `block in serve'
  actionpack (4.2.4) lib/action_dispatch/journey/router.rb:30:in `each'
  actionpack (4.2.4) lib/action_dispatch/journey/router.rb:30:in `serve'
  actionpack (4.2.4) lib/action_dispatch/routing/route_set.rb:821:in `call'
  rack (1.6.4) lib/rack/etag.rb:24:in `call'
  rack (1.6.4) lib/rack/conditionalget.rb:25:in `call'
  rack (1.6.4) lib/rack/head.rb:13:in `call'
  actionpack (4.2.4) lib/action_dispatch/middleware/params_parser.rb:27:in `call'
  actionpack (4.2.4) lib/action_dispatch/middleware/flash.rb:260:in `call'
  rack (1.6.4) lib/rack/session/abstract/id.rb:225:in `context'
  rack (1.6.4) lib/rack/session/abstract/id.rb:220:in `call'
  actionpack (4.2.4) lib/action_dispatch/middleware/cookies.rb:560:in `call'
  activerecord (4.2.4) lib/active_record/query_cache.rb:36:in `call'
  activerecord (4.2.4) lib/active_record/connection_adapters/abstract/connection_pool.rb:653:in `call'
  activerecord (4.2.4) lib/active_record/migration.rb:377:in `call'
  actionpack (4.2.4) lib/action_dispatch/middleware/callbacks.rb:29:in `block in call'
  activesupport (4.2.4) lib/active_support/callbacks.rb:88:in `__run_callbacks__'
  activesupport (4.2.4) lib/active_support/callbacks.rb:778:in `_run_call_callbacks'
  activesupport (4.2.4) lib/active_support/callbacks.rb:81:in `run_callbacks'
  actionpack (4.2.4) lib/action_dispatch/middleware/callbacks.rb:27:in `call'
  actionpack (4.2.4) lib/action_dispatch/middleware/reloader.rb:73:in `call'
  actionpack (4.2.4) lib/action_dispatch/middleware/remote_ip.rb:78:in `call'
  actionpack (4.2.4) lib/action_dispatch/middleware/debug_exceptions.rb:17:in `call'
  web-console (2.2.1) lib/web_console/middleware.rb:39:in `call'
  actionpack (4.2.4) lib/action_dispatch/middleware/show_exceptions.rb:30:in `call'
  railties (4.2.4) lib/rails/rack/logger.rb:38:in `call_app'
  railties (4.2.4) lib/rails/rack/logger.rb:20:in `block in call'
  activesupport (4.2.4) lib/active_support/tagged_logging.rb:68:in `block in tagged'
  activesupport (4.2.4) lib/active_support/tagged_logging.rb:26:in `tagged'
  activesupport (4.2.4) lib/active_support/tagged_logging.rb:68:in `tagged'
  railties (4.2.4) lib/rails/rack/logger.rb:20:in `call'
  actionpack (4.2.4) lib/action_dispatch/middleware/request_id.rb:21:in `call'
  rack (1.6.4) lib/rack/methodoverride.rb:22:in `call'
  rack (1.6.4) lib/rack/runtime.rb:18:in `call'
  activesupport (4.2.4) lib/active_support/cache/strategy/local_cache_middleware.rb:28:in `call'
  rack (1.6.4) lib/rack/lock.rb:17:in `call'
  actionpack (4.2.4) lib/action_dispatch/middleware/static.rb:116:in `call'
  rack (1.6.4) lib/rack/sendfile.rb:113:in `call'
  railties (4.2.4) lib/rails/engine.rb:518:in `call'
  railties (4.2.4) lib/rails/application.rb:165:in `call'
  rack (1.6.4) lib/rack/lock.rb:17:in `call'
  rack (1.6.4) lib/rack/content_length.rb:15:in `call'
  rack (1.6.4) lib/rack/handler/webrick.rb:88:in `service'
  /home/jellojunkie/.rvm/rubies/ruby-2.2.3/lib/ruby/2.2.0/webrick/httpserver.rb:138:in `service'
  /home/jellojunkie/.rvm/rubies/ruby-2.2.3/lib/ruby/2.2.0/webrick/httpserver.rb:94:in `run'
  /home/jellojunkie/.rvm/rubies/ruby-2.2.3/lib/ruby/2.2.0/webrick/server.rb:294:in `block in start_thread'


  Rendered /home/jellojunkie/.rvm/gems/ruby-2.2.3/gems/actionpack-4.2.4/lib/action_dispatch/middleware/templates/rescues/_trace.html.erb (3.9ms)
  Rendered /home/jellojunkie/.rvm/gems/ruby-2.2.3/gems/actionpack-4.2.4/lib/action_dispatch/middleware/templates/routes/_route.html.erb (1.7ms)
  Rendered /home/jellojunkie/.rvm/gems/ruby-2.2.3/gems/actionpack-4.2.4/lib/action_dispatch/middleware/templates/routes/_table.html.erb (19.0ms)
  Rendered /home/jellojunkie/.rvm/gems/ruby-2.2.3/gems/actionpack-4.2.4/lib/action_dispatch/middleware/templates/rescues/_request_and_response.html.erb (49.8ms)
  Rendered /home/jellojunkie/.rvm/gems/ruby-2.2.3/gems/actionpack-4.2.4/lib/action_dispatch/middleware/templates/rescues/routing_error.html.erb within rescues/layout (111.8ms)
  Rendered /home/jellojunkie/.rvm/gems/ruby-2.2.3/gems/web-console-2.2.1/lib/web_console/templates/_markup.html.erb (0.5ms)
  Rendered /home/jellojunkie/.rvm/gems/ruby-2.2.3/gems/web-console-2.2.1/lib/web_console/templates/_inner_console_markup.html.erb within layouts/inlined_string (0.5ms)
  Rendered /home/jellojunkie/.rvm/gems/ruby-2.2.3/gems/web-console-2.2.1/lib/web_console/templates/_prompt_box_markup.html.erb within layouts/inlined_string (0.4ms)
  Rendered /home/jellojunkie/.rvm/gems/ruby-2.2.3/gems/web-console-2.2.1/lib/web_console/templates/style.css.erb within layouts/inlined_string (0.4ms)
  Rendered /home/jellojunkie/.rvm/gems/ruby-2.2.3/gems/web-console-2.2.1/lib/web_console/templates/console.js.erb within layouts/javascript (27.3ms)
  Rendered /home/jellojunkie/.rvm/gems/ruby-2.2.3/gems/web-console-2.2.1/lib/web_console/templates/main.js.erb within layouts/javascript (0.4ms)
  Rendered /home/jellojunkie/.rvm/gems/ruby-2.2.3/gems/web-console-2.2.1/lib/web_console/templates/error_page.js.erb within layouts/javascript (0.6ms)
  Rendered /home/jellojunkie/.rvm/gems/ruby-2.2.3/gems/web-console-2.2.1/lib/web_console/templates/index.html.erb (52.5ms)


Started GET "/" for 127.0.0.1 at 2015-09-16 21:09:40 +0600
  [1m[36mActiveRecord::SchemaMigration Load (1.2ms)[0m  [1mSELECT "schema_migrations".* FROM "schema_migrations"[0m
Processing by PostsController#index as HTML
Completed 500 Internal Server Error in 39ms (ActiveRecord: 9.1ms)

NameError (undefined local variable or method `dec' for #<PostsController:0x0000000600e0c8>):
  app/controllers/posts_controller.rb:4:in `index'


  Rendered /home/jellojunkie/.rvm/gems/ruby-2.2.3/gems/actionpack-4.2.4/lib/action_dispatch/middleware/templates/rescues/_source.erb (6.0ms)
  Rendered /home/jellojunkie/.rvm/gems/ruby-2.2.3/gems/actionpack-4.2.4/lib/action_dispatch/middleware/templates/rescues/_trace.html.erb (2.9ms)
  Rendered /home/jellojunkie/.rvm/gems/ruby-2.2.3/gems/actionpack-4.2.4/lib/action_dispatch/middleware/templates/rescues/_request_and_response.html.erb (1.5ms)
  Rendered /home/jellojunkie/.rvm/gems/ruby-2.2.3/gems/actionpack-4.2.4/lib/action_dispatch/middleware/templates/rescues/diagnostics.html.erb within rescues/layout (42.9ms)
  Rendered /home/jellojunkie/.rvm/gems/ruby-2.2.3/gems/web-console-2.2.1/lib/web_console/templates/_markup.html.erb (0.5ms)
  Rendered /home/jellojunkie/.rvm/gems/ruby-2.2.3/gems/web-console-2.2.1/lib/web_console/templates/_inner_console_markup.html.erb within layouts/inlined_string (0.4ms)
  Rendered /home/jellojunkie/.rvm/gems/ruby-2.2.3/gems/web-console-2.2.1/lib/web_console/templates/_prompt_box_markup.html.erb within layouts/inlined_string (0.3ms)
  Rendered /home/jellojunkie/.rvm/gems/ruby-2.2.3/gems/web-console-2.2.1/lib/web_console/templates/style.css.erb within layouts/inlined_string (0.4ms)
  Rendered /home/jellojunkie/.rvm/gems/ruby-2.2.3/gems/web-console-2.2.1/lib/web_console/templates/console.js.erb within layouts/javascript (16.6ms)
  Rendered /home/jellojunkie/.rvm/gems/ruby-2.2.3/gems/web-console-2.2.1/lib/web_console/templates/main.js.erb within layouts/javascript (0.3ms)
  Rendered /home/jellojunkie/.rvm/gems/ruby-2.2.3/gems/web-console-2.2.1/lib/web_console/templates/error_page.js.erb within layouts/javascript (0.6ms)
  Rendered /home/jellojunkie/.rvm/gems/ruby-2.2.3/gems/web-console-2.2.1/lib/web_console/templates/index.html.erb (38.4ms)


Started GET "/" for 127.0.0.1 at 2015-09-16 21:09:58 +0600
Processing by PostsController#index as HTML
Completed 500 Internal Server Error in 24ms (ActiveRecord: 1.7ms)

NameError (undefined local variable or method `desc' for #<PostsController:0x00000006140680>):
  app/controllers/posts_controller.rb:4:in `index'


  Rendered /home/jellojunkie/.rvm/gems/ruby-2.2.3/gems/actionpack-4.2.4/lib/action_dispatch/middleware/templates/rescues/_source.erb (6.9ms)
  Rendered /home/jellojunkie/.rvm/gems/ruby-2.2.3/gems/actionpack-4.2.4/lib/action_dispatch/middleware/templates/rescues/_trace.html.erb (3.4ms)
  Rendered /home/jellojunkie/.rvm/gems/ruby-2.2.3/gems/actionpack-4.2.4/lib/action_dispatch/middleware/templates/rescues/_request_and_response.html.erb (1.4ms)
  Rendered /home/jellojunkie/.rvm/gems/ruby-2.2.3/gems/actionpack-4.2.4/lib/action_dispatch/middleware/templates/rescues/diagnostics.html.erb within rescues/layout (35.5ms)
  Rendered /home/jellojunkie/.rvm/gems/ruby-2.2.3/gems/web-console-2.2.1/lib/web_console/templates/_markup.html.erb (0.5ms)
  Rendered /home/jellojunkie/.rvm/gems/ruby-2.2.3/gems/web-console-2.2.1/lib/web_console/templates/_inner_console_markup.html.erb within layouts/inlined_string (0.5ms)
  Rendered /home/jellojunkie/.rvm/gems/ruby-2.2.3/gems/web-console-2.2.1/lib/web_console/templates/_prompt_box_markup.html.erb within layouts/inlined_string (0.5ms)
  Rendered /home/jellojunkie/.rvm/gems/ruby-2.2.3/gems/web-console-2.2.1/lib/web_console/templates/style.css.erb within layouts/inlined_string (0.5ms)
  Rendered /home/jellojunkie/.rvm/gems/ruby-2.2.3/gems/web-console-2.2.1/lib/web_console/templates/console.js.erb within layouts/javascript (19.1ms)
  Rendered /home/jellojunkie/.rvm/gems/ruby-2.2.3/gems/web-console-2.2.1/lib/web_console/templates/main.js.erb within layouts/javascript (0.4ms)
  Rendered /home/jellojunkie/.rvm/gems/ruby-2.2.3/gems/web-console-2.2.1/lib/web_console/templates/error_page.js.erb within layouts/javascript (0.5ms)
  Rendered /home/jellojunkie/.rvm/gems/ruby-2.2.3/gems/web-console-2.2.1/lib/web_console/templates/index.html.erb (41.1ms)


Started GET "/" for 127.0.0.1 at 2015-09-16 21:10:09 +0600
Processing by PostsController#index as HTML
Completed 500 Internal Server Error in 27ms (ActiveRecord: 2.3ms)

NoMethodError (undefined method `created_at' for #<PostsController:0x00000002785710>):
  app/controllers/posts_controller.rb:4:in `index'


  Rendered /home/jellojunkie/.rvm/gems/ruby-2.2.3/gems/actionpack-4.2.4/lib/action_dispatch/middleware/templates/rescues/_source.erb (6.8ms)
  Rendered /home/jellojunkie/.rvm/gems/ruby-2.2.3/gems/actionpack-4.2.4/lib/action_dispatch/middleware/templates/rescues/_trace.html.erb (3.7ms)
  Rendered /home/jellojunkie/.rvm/gems/ruby-2.2.3/gems/actionpack-4.2.4/lib/action_dispatch/middleware/templates/rescues/_request_and_response.html.erb (1.3ms)
  Rendered /home/jellojunkie/.rvm/gems/ruby-2.2.3/gems/actionpack-4.2.4/lib/action_dispatch/middleware/templates/rescues/diagnostics.html.erb within rescues/layout (31.0ms)
  Rendered /home/jellojunkie/.rvm/gems/ruby-2.2.3/gems/web-console-2.2.1/lib/web_console/templates/_markup.html.erb (0.5ms)
  Rendered /home/jellojunkie/.rvm/gems/ruby-2.2.3/gems/web-console-2.2.1/lib/web_console/templates/_inner_console_markup.html.erb within layouts/inlined_string (0.5ms)
  Rendered /home/jellojunkie/.rvm/gems/ruby-2.2.3/gems/web-console-2.2.1/lib/web_console/templates/_prompt_box_markup.html.erb within layouts/inlined_string (0.4ms)
  Rendered /home/jellojunkie/.rvm/gems/ruby-2.2.3/gems/web-console-2.2.1/lib/web_console/templates/style.css.erb within layouts/inlined_string (0.5ms)
  Rendered /home/jellojunkie/.rvm/gems/ruby-2.2.3/gems/web-console-2.2.1/lib/web_console/templates/console.js.erb within layouts/javascript (18.2ms)
  Rendered /home/jellojunkie/.rvm/gems/ruby-2.2.3/gems/web-console-2.2.1/lib/web_console/templates/main.js.erb within layouts/javascript (0.4ms)
  Rendered /home/jellojunkie/.rvm/gems/ruby-2.2.3/gems/web-console-2.2.1/lib/web_console/templates/error_page.js.erb within layouts/javascript (0.5ms)
  Rendered /home/jellojunkie/.rvm/gems/ruby-2.2.3/gems/web-console-2.2.1/lib/web_console/templates/index.html.erb (36.7ms)


Started GET "/" for 127.0.0.1 at 2015-09-16 21:10:30 +0600
Processing by PostsController#index as HTML
  Rendered posts/index.html within layouts/application (1.7ms)
Completed 500 Internal Server Error in 33ms (ActiveRecord: 1.2ms)

SyntaxError (/media/jellojunkie/08FCF780FCF765FA/Projects/guests_page/app/views/posts/index.html:20: syntax error, unexpected keyword_ensure, expecting keyword_end
/media/jellojunkie/08FCF780FCF765FA/Projects/guests_page/app/views/posts/index.html:22: syntax error, unexpected end-of-input, expecting keyword_end):
  app/views/posts/index.html:20: syntax error, unexpected keyword_ensure, expecting keyword_end
  app/views/posts/index.html:22: syntax error, unexpected end-of-input, expecting keyword_end


  Rendered /home/jellojunkie/.rvm/gems/ruby-2.2.3/gems/actionpack-4.2.4/lib/action_dispatch/middleware/templates/rescues/_source.erb (9.1ms)
  Rendered /home/jellojunkie/.rvm/gems/ruby-2.2.3/gems/actionpack-4.2.4/lib/action_dispatch/middleware/templates/rescues/_trace.html.erb (3.6ms)
  Rendered /home/jellojunkie/.rvm/gems/ruby-2.2.3/gems/actionpack-4.2.4/lib/action_dispatch/middleware/templates/rescues/_request_and_response.html.erb (1.3ms)
  Rendered /home/jellojunkie/.rvm/gems/ruby-2.2.3/gems/actionpack-4.2.4/lib/action_dispatch/middleware/templates/rescues/diagnostics.html.erb within rescues/layout (35.2ms)
  Rendered /home/jellojunkie/.rvm/gems/ruby-2.2.3/gems/web-console-2.2.1/lib/web_console/templates/_markup.html.erb (0.6ms)
  Rendered /home/jellojunkie/.rvm/gems/ruby-2.2.3/gems/web-console-2.2.1/lib/web_console/templates/_inner_console_markup.html.erb within layouts/inlined_string (0.6ms)
  Rendered /home/jellojunkie/.rvm/gems/ruby-2.2.3/gems/web-console-2.2.1/lib/web_console/templates/_prompt_box_markup.html.erb within layouts/inlined_string (0.4ms)
  Rendered /home/jellojunkie/.rvm/gems/ruby-2.2.3/gems/web-console-2.2.1/lib/web_console/templates/style.css.erb within layouts/inlined_string (0.5ms)
  Rendered /home/jellojunkie/.rvm/gems/ruby-2.2.3/gems/web-console-2.2.1/lib/web_console/templates/console.js.erb within layouts/javascript (18.5ms)
  Rendered /home/jellojunkie/.rvm/gems/ruby-2.2.3/gems/web-console-2.2.1/lib/web_console/templates/main.js.erb within layouts/javascript (0.4ms)
  Rendered /home/jellojunkie/.rvm/gems/ruby-2.2.3/gems/web-console-2.2.1/lib/web_console/templates/error_page.js.erb within layouts/javascript (0.5ms)
  Rendered /home/jellojunkie/.rvm/gems/ruby-2.2.3/gems/web-console-2.2.1/lib/web_console/templates/index.html.erb (37.2ms)


Started GET "/" for 127.0.0.1 at 2015-09-16 21:10:47 +0600
Processing by PostsController#index as HTML
  Rendered posts/index.html within layouts/application (7.6ms)
Completed 500 Internal Server Error in 25ms (ActiveRecord: 0.0ms)

ActionView::Template::Error (First argument in form cannot contain nil or be empty):
     6: 	</div>
     7: 	<div class="row">
     8: 		<div class="col-md-12">
     9: 			<%= form_for(@mew_post) do |f| %>
    10: 				<%= f.label :name %>:
    11: 				<%= f.text_field :name %><br>
    12: 
  app/views/posts/index.html:9:in `_app_views_posts_index_html__2126582530288298415_49994220'


  Rendered /home/jellojunkie/.rvm/gems/ruby-2.2.3/gems/actionpack-4.2.4/lib/action_dispatch/middleware/templates/rescues/_source.erb (12.6ms)
  Rendered /home/jellojunkie/.rvm/gems/ruby-2.2.3/gems/actionpack-4.2.4/lib/action_dispatch/middleware/templates/rescues/_trace.html.erb (3.7ms)
  Rendered /home/jellojunkie/.rvm/gems/ruby-2.2.3/gems/actionpack-4.2.4/lib/action_dispatch/middleware/templates/rescues/_request_and_response.html.erb (1.5ms)
  Rendered /home/jellojunkie/.rvm/gems/ruby-2.2.3/gems/actionpack-4.2.4/lib/action_dispatch/middleware/templates/rescues/template_error.html.erb within rescues/layout (36.0ms)
  Rendered /home/jellojunkie/.rvm/gems/ruby-2.2.3/gems/web-console-2.2.1/lib/web_console/templates/_markup.html.erb (0.3ms)
  Rendered /home/jellojunkie/.rvm/gems/ruby-2.2.3/gems/web-console-2.2.1/lib/web_console/templates/_inner_console_markup.html.erb within layouts/inlined_string (0.5ms)
  Rendered /home/jellojunkie/.rvm/gems/ruby-2.2.3/gems/web-console-2.2.1/lib/web_console/templates/_prompt_box_markup.html.erb within layouts/inlined_string (0.5ms)
  Rendered /home/jellojunkie/.rvm/gems/ruby-2.2.3/gems/web-console-2.2.1/lib/web_console/templates/style.css.erb within layouts/inlined_string (0.6ms)
  Rendered /home/jellojunkie/.rvm/gems/ruby-2.2.3/gems/web-console-2.2.1/lib/web_console/templates/console.js.erb within layouts/javascript (22.1ms)
  Rendered /home/jellojunkie/.rvm/gems/ruby-2.2.3/gems/web-console-2.2.1/lib/web_console/templates/main.js.erb within layouts/javascript (0.7ms)
  Rendered /home/jellojunkie/.rvm/gems/ruby-2.2.3/gems/web-console-2.2.1/lib/web_console/templates/error_page.js.erb within layouts/javascript (3.8ms)
  Rendered /home/jellojunkie/.rvm/gems/ruby-2.2.3/gems/web-console-2.2.1/lib/web_console/templates/index.html.erb (53.2ms)


Started GET "/" for 127.0.0.1 at 2015-09-16 21:11:22 +0600
Processing by PostsController#index as HTML
  Rendered posts/index.html within layouts/application (71.6ms)
Completed 200 OK in 2122ms (Views: 2121.0ms | ActiveRecord: 0.0ms)


Started GET "/assets/application.self-e80e8f2318043e8af94dddc2adad5a4f09739a8ebb323b3ab31cd71d45fd9113.css?body=1" for 127.0.0.1 at 2015-09-16 21:11:24 +0600


Started GET "/assets/posts.self-e3b0c44298fc1c149afbf4c8996fb92427ae41e4649b934ca495991b7852b855.css?body=1" for 127.0.0.1 at 2015-09-16 21:11:24 +0600


Started GET "/assets/jquery.self-a714331225dda820228db323939889f149aec0127aeb06255646b616ba1ca419.js?body=1" for 127.0.0.1 at 2015-09-16 21:11:24 +0600


Started GET "/assets/turbolinks.self-c37727e9bd6b2735da5c311aa83fead54ed0be6cc8bd9a65309e9c5abe2cbfff.js?body=1" for 127.0.0.1 at 2015-09-16 21:11:24 +0600


Started GET "/assets/jquery_ujs.self-d456baa54c1fa6be2ec3711f0a72ddf7a5b2f34a6b4f515f33767d6207b7d4b3.js?body=1" for 127.0.0.1 at 2015-09-16 21:11:24 +0600


Started GET "/assets/posts.self-877aef30ae1b040ab8a3aba4e3e309a11d7f2612f44dde450b5c157aa5f95c05.js?body=1" for 127.0.0.1 at 2015-09-16 21:11:24 +0600


Started GET "/assets/application.self-3b8dabdc891efe46b9a144b400ad69e37d7e5876bdc39dee783419a69d7ca819.js?body=1" for 127.0.0.1 at 2015-09-16 21:11:24 +0600


Started GET "/" for 127.0.0.1 at 2015-09-16 21:11:41 +0600
Processing by PostsController#index as HTML
  Rendered posts/index.html within layouts/application (36.1ms)
Completed 200 OK in 162ms (Views: 160.8ms | ActiveRecord: 0.0ms)


Started GET "/assets/posts.self-e3b0c44298fc1c149afbf4c8996fb92427ae41e4649b934ca495991b7852b855.css?body=1" for 127.0.0.1 at 2015-09-16 21:11:41 +0600


Started GET "/assets/application.self-e80e8f2318043e8af94dddc2adad5a4f09739a8ebb323b3ab31cd71d45fd9113.css?body=1" for 127.0.0.1 at 2015-09-16 21:11:41 +0600


Started GET "/assets/jquery.self-a714331225dda820228db323939889f149aec0127aeb06255646b616ba1ca419.js?body=1" for 127.0.0.1 at 2015-09-16 21:11:41 +0600


Started GET "/assets/turbolinks.self-c37727e9bd6b2735da5c311aa83fead54ed0be6cc8bd9a65309e9c5abe2cbfff.js?body=1" for 127.0.0.1 at 2015-09-16 21:11:41 +0600


Started GET "/assets/jquery_ujs.self-d456baa54c1fa6be2ec3711f0a72ddf7a5b2f34a6b4f515f33767d6207b7d4b3.js?body=1" for 127.0.0.1 at 2015-09-16 21:11:42 +0600


Started GET "/assets/posts.self-877aef30ae1b040ab8a3aba4e3e309a11d7f2612f44dde450b5c157aa5f95c05.js?body=1" for 127.0.0.1 at 2015-09-16 21:11:42 +0600


Started GET "/assets/application.self-3b8dabdc891efe46b9a144b400ad69e37d7e5876bdc39dee783419a69d7ca819.js?body=1" for 127.0.0.1 at 2015-09-16 21:11:42 +0600


Started GET "/" for 127.0.0.1 at 2015-09-16 21:11:55 +0600
Processing by PostsController#index as HTML
  Rendered posts/index.html within layouts/application (2.4ms)
Completed 200 OK in 103ms (Views: 101.9ms | ActiveRecord: 0.0ms)


Started GET "/assets/posts.self-e3b0c44298fc1c149afbf4c8996fb92427ae41e4649b934ca495991b7852b855.css?body=1" for 127.0.0.1 at 2015-09-16 21:11:55 +0600


Started GET "/assets/application.self-e80e8f2318043e8af94dddc2adad5a4f09739a8ebb323b3ab31cd71d45fd9113.css?body=1" for 127.0.0.1 at 2015-09-16 21:11:55 +0600


Started GET "/assets/jquery_ujs.self-d456baa54c1fa6be2ec3711f0a72ddf7a5b2f34a6b4f515f33767d6207b7d4b3.js?body=1" for 127.0.0.1 at 2015-09-16 21:11:55 +0600


Started GET "/assets/posts.self-877aef30ae1b040ab8a3aba4e3e309a11d7f2612f44dde450b5c157aa5f95c05.js?body=1" for 127.0.0.1 at 2015-09-16 21:11:55 +0600


Started GET "/assets/jquery.self-a714331225dda820228db323939889f149aec0127aeb06255646b616ba1ca419.js?body=1" for 127.0.0.1 at 2015-09-16 21:11:55 +0600


Started GET "/assets/turbolinks.self-c37727e9bd6b2735da5c311aa83fead54ed0be6cc8bd9a65309e9c5abe2cbfff.js?body=1" for 127.0.0.1 at 2015-09-16 21:11:55 +0600


Started GET "/assets/application.self-3b8dabdc891efe46b9a144b400ad69e37d7e5876bdc39dee783419a69d7ca819.js?body=1" for 127.0.0.1 at 2015-09-16 21:11:55 +0600


Started GET "/" for 127.0.0.1 at 2015-09-16 21:12:04 +0600
Processing by PostsController#index as HTML
  Rendered posts/index.html within layouts/application (2.1ms)
Completed 200 OK in 117ms (Views: 116.0ms | ActiveRecord: 0.0ms)


Started GET "/assets/posts.self-e3b0c44298fc1c149afbf4c8996fb92427ae41e4649b934ca495991b7852b855.css?body=1" for 127.0.0.1 at 2015-09-16 21:12:04 +0600


Started GET "/assets/application.self-e80e8f2318043e8af94dddc2adad5a4f09739a8ebb323b3ab31cd71d45fd9113.css?body=1" for 127.0.0.1 at 2015-09-16 21:12:04 +0600


Started GET "/assets/jquery.self-a714331225dda820228db323939889f149aec0127aeb06255646b616ba1ca419.js?body=1" for 127.0.0.1 at 2015-09-16 21:12:04 +0600


Started GET "/assets/jquery_ujs.self-d456baa54c1fa6be2ec3711f0a72ddf7a5b2f34a6b4f515f33767d6207b7d4b3.js?body=1" for 127.0.0.1 at 2015-09-16 21:12:04 +0600


Started GET "/assets/posts.self-877aef30ae1b040ab8a3aba4e3e309a11d7f2612f44dde450b5c157aa5f95c05.js?body=1" for 127.0.0.1 at 2015-09-16 21:12:04 +0600


Started GET "/assets/turbolinks.self-c37727e9bd6b2735da5c311aa83fead54ed0be6cc8bd9a65309e9c5abe2cbfff.js?body=1" for 127.0.0.1 at 2015-09-16 21:12:04 +0600


Started GET "/assets/application.self-3b8dabdc891efe46b9a144b400ad69e37d7e5876bdc39dee783419a69d7ca819.js?body=1" for 127.0.0.1 at 2015-09-16 21:12:04 +0600


Started GET "/" for 127.0.0.1 at 2015-09-16 21:12:12 +0600
Processing by PostsController#index as HTML
  Rendered posts/index.html within layouts/application (2.6ms)
Completed 200 OK in 125ms (Views: 115.3ms | ActiveRecord: 0.0ms)


Started GET "/assets/application.self-e80e8f2318043e8af94dddc2adad5a4f09739a8ebb323b3ab31cd71d45fd9113.css?body=1" for 127.0.0.1 at 2015-09-16 21:12:13 +0600


Started GET "/assets/posts.self-e3b0c44298fc1c149afbf4c8996fb92427ae41e4649b934ca495991b7852b855.css?body=1" for 127.0.0.1 at 2015-09-16 21:12:13 +0600


Started GET "/assets/jquery_ujs.self-d456baa54c1fa6be2ec3711f0a72ddf7a5b2f34a6b4f515f33767d6207b7d4b3.js?body=1" for 127.0.0.1 at 2015-09-16 21:12:13 +0600


Started GET "/assets/turbolinks.self-c37727e9bd6b2735da5c311aa83fead54ed0be6cc8bd9a65309e9c5abe2cbfff.js?body=1" for 127.0.0.1 at 2015-09-16 21:12:13 +0600


Started GET "/assets/posts.self-877aef30ae1b040ab8a3aba4e3e309a11d7f2612f44dde450b5c157aa5f95c05.js?body=1" for 127.0.0.1 at 2015-09-16 21:12:13 +0600


Started GET "/assets/jquery.self-a714331225dda820228db323939889f149aec0127aeb06255646b616ba1ca419.js?body=1" for 127.0.0.1 at 2015-09-16 21:12:13 +0600


Started GET "/assets/application.self-3b8dabdc891efe46b9a144b400ad69e37d7e5876bdc39dee783419a69d7ca819.js?body=1" for 127.0.0.1 at 2015-09-16 21:12:13 +0600


Started GET "/" for 127.0.0.1 at 2015-09-16 21:12:23 +0600
Processing by PostsController#index as HTML
  Rendered posts/index.html within layouts/application (2.5ms)
Completed 200 OK in 151ms (Views: 150.3ms | ActiveRecord: 0.0ms)


Started GET "/assets/posts.self-e3b0c44298fc1c149afbf4c8996fb92427ae41e4649b934ca495991b7852b855.css?body=1" for 127.0.0.1 at 2015-09-16 21:12:23 +0600


Started GET "/assets/application.self-e80e8f2318043e8af94dddc2adad5a4f09739a8ebb323b3ab31cd71d45fd9113.css?body=1" for 127.0.0.1 at 2015-09-16 21:12:23 +0600


Started GET "/assets/posts.self-877aef30ae1b040ab8a3aba4e3e309a11d7f2612f44dde450b5c157aa5f95c05.js?body=1" for 127.0.0.1 at 2015-09-16 21:12:23 +0600


Started GET "/assets/turbolinks.self-c37727e9bd6b2735da5c311aa83fead54ed0be6cc8bd9a65309e9c5abe2cbfff.js?body=1" for 127.0.0.1 at 2015-09-16 21:12:23 +0600


Started GET "/assets/jquery_ujs.self-d456baa54c1fa6be2ec3711f0a72ddf7a5b2f34a6b4f515f33767d6207b7d4b3.js?body=1" for 127.0.0.1 at 2015-09-16 21:12:23 +0600


Started GET "/assets/jquery.self-a714331225dda820228db323939889f149aec0127aeb06255646b616ba1ca419.js?body=1" for 127.0.0.1 at 2015-09-16 21:12:23 +0600


Started GET "/assets/application.self-3b8dabdc891efe46b9a144b400ad69e37d7e5876bdc39dee783419a69d7ca819.js?body=1" for 127.0.0.1 at 2015-09-16 21:12:23 +0600


Started GET "/" for 127.0.0.1 at 2015-09-16 21:14:39 +0600
Processing by PostsController#index as HTML
  Rendered posts/index.html within layouts/application (2.3ms)
Completed 200 OK in 146ms (Views: 145.3ms | ActiveRecord: 0.0ms)


Started GET "/assets/posts.self-e3b0c44298fc1c149afbf4c8996fb92427ae41e4649b934ca495991b7852b855.css?body=1" for 127.0.0.1 at 2015-09-16 21:14:39 +0600


Started GET "/assets/jquery.self-a714331225dda820228db323939889f149aec0127aeb06255646b616ba1ca419.js?body=1" for 127.0.0.1 at 2015-09-16 21:14:39 +0600


Started GET "/assets/jquery_ujs.self-d456baa54c1fa6be2ec3711f0a72ddf7a5b2f34a6b4f515f33767d6207b7d4b3.js?body=1" for 127.0.0.1 at 2015-09-16 21:14:39 +0600


Started GET "/assets/application.self-e80e8f2318043e8af94dddc2adad5a4f09739a8ebb323b3ab31cd71d45fd9113.css?body=1" for 127.0.0.1 at 2015-09-16 21:14:39 +0600


Started GET "/assets/posts.self-877aef30ae1b040ab8a3aba4e3e309a11d7f2612f44dde450b5c157aa5f95c05.js?body=1" for 127.0.0.1 at 2015-09-16 21:14:39 +0600


Started GET "/assets/turbolinks.self-c37727e9bd6b2735da5c311aa83fead54ed0be6cc8bd9a65309e9c5abe2cbfff.js?body=1" for 127.0.0.1 at 2015-09-16 21:14:39 +0600


Started GET "/assets/application.self-3b8dabdc891efe46b9a144b400ad69e37d7e5876bdc39dee783419a69d7ca819.js?body=1" for 127.0.0.1 at 2015-09-16 21:14:39 +0600


Started GET "/" for 127.0.0.1 at 2015-09-16 21:14:55 +0600
Processing by PostsController#index as HTML
  Rendered posts/index.html within layouts/application (4.6ms)
Completed 200 OK in 101ms (Views: 100.3ms | ActiveRecord: 0.0ms)


Started GET "/assets/posts.self-e3b0c44298fc1c149afbf4c8996fb92427ae41e4649b934ca495991b7852b855.css?body=1" for 127.0.0.1 at 2015-09-16 21:14:55 +0600


Started GET "/assets/application.self-e80e8f2318043e8af94dddc2adad5a4f09739a8ebb323b3ab31cd71d45fd9113.css?body=1" for 127.0.0.1 at 2015-09-16 21:14:55 +0600


Started GET "/assets/posts.self-877aef30ae1b040ab8a3aba4e3e309a11d7f2612f44dde450b5c157aa5f95c05.js?body=1" for 127.0.0.1 at 2015-09-16 21:14:55 +0600


Started GET "/assets/jquery.self-a714331225dda820228db323939889f149aec0127aeb06255646b616ba1ca419.js?body=1" for 127.0.0.1 at 2015-09-16 21:14:55 +0600


Started GET "/assets/jquery_ujs.self-d456baa54c1fa6be2ec3711f0a72ddf7a5b2f34a6b4f515f33767d6207b7d4b3.js?body=1" for 127.0.0.1 at 2015-09-16 21:14:55 +0600


Started GET "/assets/turbolinks.self-c37727e9bd6b2735da5c311aa83fead54ed0be6cc8bd9a65309e9c5abe2cbfff.js?body=1" for 127.0.0.1 at 2015-09-16 21:14:55 +0600


Started GET "/assets/application.self-3b8dabdc891efe46b9a144b400ad69e37d7e5876bdc39dee783419a69d7ca819.js?body=1" for 127.0.0.1 at 2015-09-16 21:14:55 +0600


Started GET "/" for 127.0.0.1 at 2015-09-16 21:18:14 +0600
Processing by PostsController#index as HTML
  [1m[35mPost Load (2.4ms)[0m  SELECT "posts".* FROM "posts"  ORDER BY "posts"."created_at" DESC
  Rendered posts/index.html within layouts/application (6.0ms)
Completed 200 OK in 128ms (Views: 121.1ms | ActiveRecord: 2.4ms)


Started GET "/assets/posts.self-e3b0c44298fc1c149afbf4c8996fb92427ae41e4649b934ca495991b7852b855.css?body=1" for 127.0.0.1 at 2015-09-16 21:18:15 +0600


Started GET "/assets/application.self-e80e8f2318043e8af94dddc2adad5a4f09739a8ebb323b3ab31cd71d45fd9113.css?body=1" for 127.0.0.1 at 2015-09-16 21:18:15 +0600


Started GET "/assets/jquery_ujs.self-d456baa54c1fa6be2ec3711f0a72ddf7a5b2f34a6b4f515f33767d6207b7d4b3.js?body=1" for 127.0.0.1 at 2015-09-16 21:18:15 +0600


Started GET "/assets/jquery.self-a714331225dda820228db323939889f149aec0127aeb06255646b616ba1ca419.js?body=1" for 127.0.0.1 at 2015-09-16 21:18:15 +0600


Started GET "/assets/turbolinks.self-c37727e9bd6b2735da5c311aa83fead54ed0be6cc8bd9a65309e9c5abe2cbfff.js?body=1" for 127.0.0.1 at 2015-09-16 21:18:15 +0600


Started GET "/assets/posts.self-877aef30ae1b040ab8a3aba4e3e309a11d7f2612f44dde450b5c157aa5f95c05.js?body=1" for 127.0.0.1 at 2015-09-16 21:18:15 +0600


Started GET "/assets/application.self-3b8dabdc891efe46b9a144b400ad69e37d7e5876bdc39dee783419a69d7ca819.js?body=1" for 127.0.0.1 at 2015-09-16 21:18:15 +0600


Started GET "/" for 127.0.0.1 at 2015-09-16 21:18:44 +0600
Processing by PostsController#index as HTML
  [1m[36mPost Load (0.4ms)[0m  [1mSELECT "posts".* FROM "posts"  ORDER BY "posts"."created_at" DESC[0m
  Rendered posts/index.html within layouts/application (3.3ms)
Completed 200 OK in 103ms (Views: 102.1ms | ActiveRecord: 0.4ms)


Started GET "/assets/application.self-e80e8f2318043e8af94dddc2adad5a4f09739a8ebb323b3ab31cd71d45fd9113.css?body=1" for 127.0.0.1 at 2015-09-16 21:18:44 +0600


Started GET "/assets/jquery.self-a714331225dda820228db323939889f149aec0127aeb06255646b616ba1ca419.js?body=1" for 127.0.0.1 at 2015-09-16 21:18:44 +0600


Started GET "/assets/posts.self-e3b0c44298fc1c149afbf4c8996fb92427ae41e4649b934ca495991b7852b855.css?body=1" for 127.0.0.1 at 2015-09-16 21:18:44 +0600


Started GET "/assets/jquery_ujs.self-d456baa54c1fa6be2ec3711f0a72ddf7a5b2f34a6b4f515f33767d6207b7d4b3.js?body=1" for 127.0.0.1 at 2015-09-16 21:18:44 +0600


Started GET "/assets/turbolinks.self-c37727e9bd6b2735da5c311aa83fead54ed0be6cc8bd9a65309e9c5abe2cbfff.js?body=1" for 127.0.0.1 at 2015-09-16 21:18:44 +0600


Started GET "/assets/posts.self-877aef30ae1b040ab8a3aba4e3e309a11d7f2612f44dde450b5c157aa5f95c05.js?body=1" for 127.0.0.1 at 2015-09-16 21:18:44 +0600


Started GET "/assets/application.self-3b8dabdc891efe46b9a144b400ad69e37d7e5876bdc39dee783419a69d7ca819.js?body=1" for 127.0.0.1 at 2015-09-16 21:18:44 +0600


Started GET "/" for 127.0.0.1 at 2015-09-16 21:21:17 +0600
Processing by PostsController#index as HTML
  [1m[35mPost Load (1.2ms)[0m  SELECT "posts".* FROM "posts"  ORDER BY "posts"."created_at" DESC
  Rendered posts/index.html within layouts/application (7.8ms)
Completed 200 OK in 180ms (Views: 159.8ms | ActiveRecord: 7.8ms)


Started GET "/assets/posts.self-e3b0c44298fc1c149afbf4c8996fb92427ae41e4649b934ca495991b7852b855.css?body=1" for 127.0.0.1 at 2015-09-16 21:21:17 +0600


Started GET "/assets/application.self-e80e8f2318043e8af94dddc2adad5a4f09739a8ebb323b3ab31cd71d45fd9113.css?body=1" for 127.0.0.1 at 2015-09-16 21:21:17 +0600


Started GET "/assets/jquery.self-a714331225dda820228db323939889f149aec0127aeb06255646b616ba1ca419.js?body=1" for 127.0.0.1 at 2015-09-16 21:21:17 +0600


Started GET "/assets/application.self-3b8dabdc891efe46b9a144b400ad69e37d7e5876bdc39dee783419a69d7ca819.js?body=1" for 127.0.0.1 at 2015-09-16 21:21:17 +0600


Started GET "/assets/jquery_ujs.self-d456baa54c1fa6be2ec3711f0a72ddf7a5b2f34a6b4f515f33767d6207b7d4b3.js?body=1" for 127.0.0.1 at 2015-09-16 21:21:18 +0600


Started GET "/assets/posts.self-877aef30ae1b040ab8a3aba4e3e309a11d7f2612f44dde450b5c157aa5f95c05.js?body=1" for 127.0.0.1 at 2015-09-16 21:21:18 +0600


Started GET "/assets/turbolinks.self-c37727e9bd6b2735da5c311aa83fead54ed0be6cc8bd9a65309e9c5abe2cbfff.js?body=1" for 127.0.0.1 at 2015-09-16 21:21:18 +0600


Started POST "/posts" for 127.0.0.1 at 2015-09-16 21:21:27 +0600
Processing by PostsController#create as HTML
  Parameters: {"utf8"=>"✓", "authenticity_token"=>"ooLU0nQmB/MrNoF2HbNYIJHm09EgmXYavr62hK6kfkLz6yVNHPXq1gFvnVnv7UgVryIjRqW7pLAYiZKrhRLXEw==", "post"=>{"name"=>"Test", "post"=>"one two three"}, "commit"=>"Create your post"}
  [1m[36m (0.1ms)[0m  [1mbegin transaction[0m
  [1m[35mSQL (60.4ms)[0m  INSERT INTO "posts" ("name", "post", "created_at", "updated_at") VALUES (?, ?, ?, ?)  [["name", "Test"], ["post", "one two three"], ["created_at", "2015-09-16 15:21:27.369525"], ["updated_at", "2015-09-16 15:21:27.369525"]]
  [1m[36m (151.0ms)[0m  [1mcommit transaction[0m
Redirected to http://localhost:8080/
Completed 302 Found in 240ms (ActiveRecord: 211.5ms)


Started GET "/" for 127.0.0.1 at 2015-09-16 21:21:27 +0600
Processing by PostsController#index as HTML
  [1m[35mPost Load (0.4ms)[0m  SELECT "posts".* FROM "posts"  ORDER BY "posts"."created_at" DESC
  Rendered posts/index.html within layouts/application (7.4ms)
Completed 500 Internal Server Error in 19ms (ActiveRecord: 0.4ms)

ActionView::Template::Error (undefined method `author' for #<Post:0x007f07cc0af980>):
    25: 				<ul>
    26: 					<% @all_posts.each do |p| %>
    27: 					<li>
    28: 						<p>By <%= p.author %></p><br>
    29: 					    <h3><%= p.post %></h3>
    30: 					</li>
    31: 					<% end %>
  app/views/posts/index.html:28:in `block in _app_views_posts_index_html__2126582530288298415_69835782432160'
  app/views/posts/index.html:26:in `_app_views_posts_index_html__2126582530288298415_69835782432160'


  Rendered /home/jellojunkie/.rvm/gems/ruby-2.2.3/gems/actionpack-4.2.4/lib/action_dispatch/middleware/templates/rescues/_source.erb (15.9ms)
  Rendered /home/jellojunkie/.rvm/gems/ruby-2.2.3/gems/actionpack-4.2.4/lib/action_dispatch/middleware/templates/rescues/_trace.html.erb (5.9ms)
  Rendered /home/jellojunkie/.rvm/gems/ruby-2.2.3/gems/actionpack-4.2.4/lib/action_dispatch/middleware/templates/rescues/_request_and_response.html.erb (1.1ms)
  Rendered /home/jellojunkie/.rvm/gems/ruby-2.2.3/gems/actionpack-4.2.4/lib/action_dispatch/middleware/templates/rescues/template_error.html.erb within rescues/layout (47.4ms)
  Rendered /home/jellojunkie/.rvm/gems/ruby-2.2.3/gems/web-console-2.2.1/lib/web_console/templates/_markup.html.erb (0.6ms)
  Rendered /home/jellojunkie/.rvm/gems/ruby-2.2.3/gems/web-console-2.2.1/lib/web_console/templates/_inner_console_markup.html.erb within layouts/inlined_string (0.4ms)
  Rendered /home/jellojunkie/.rvm/gems/ruby-2.2.3/gems/web-console-2.2.1/lib/web_console/templates/_prompt_box_markup.html.erb within layouts/inlined_string (0.4ms)
  Rendered /home/jellojunkie/.rvm/gems/ruby-2.2.3/gems/web-console-2.2.1/lib/web_console/templates/style.css.erb within layouts/inlined_string (0.5ms)
  Rendered /home/jellojunkie/.rvm/gems/ruby-2.2.3/gems/web-console-2.2.1/lib/web_console/templates/console.js.erb within layouts/javascript (17.2ms)
  Rendered /home/jellojunkie/.rvm/gems/ruby-2.2.3/gems/web-console-2.2.1/lib/web_console/templates/main.js.erb within layouts/javascript (0.5ms)
  Rendered /home/jellojunkie/.rvm/gems/ruby-2.2.3/gems/web-console-2.2.1/lib/web_console/templates/error_page.js.erb within layouts/javascript (0.6ms)
  Rendered /home/jellojunkie/.rvm/gems/ruby-2.2.3/gems/web-console-2.2.1/lib/web_console/templates/index.html.erb (38.1ms)


Started GET "/" for 127.0.0.1 at 2015-09-16 21:21:40 +0600
Processing by PostsController#index as HTML
  [1m[36mPost Load (0.7ms)[0m  [1mSELECT "posts".* FROM "posts"  ORDER BY "posts"."created_at" DESC[0m
  Rendered posts/index.html within layouts/application (3.5ms)
Completed 200 OK in 119ms (Views: 117.8ms | ActiveRecord: 0.7ms)


Started GET "/assets/posts.self-e3b0c44298fc1c149afbf4c8996fb92427ae41e4649b934ca495991b7852b855.css?body=1" for 127.0.0.1 at 2015-09-16 21:21:40 +0600


Started GET "/assets/application.self-e80e8f2318043e8af94dddc2adad5a4f09739a8ebb323b3ab31cd71d45fd9113.css?body=1" for 127.0.0.1 at 2015-09-16 21:21:40 +0600


Started GET "/assets/jquery_ujs.self-d456baa54c1fa6be2ec3711f0a72ddf7a5b2f34a6b4f515f33767d6207b7d4b3.js?body=1" for 127.0.0.1 at 2015-09-16 21:21:40 +0600


Started GET "/assets/posts.self-877aef30ae1b040ab8a3aba4e3e309a11d7f2612f44dde450b5c157aa5f95c05.js?body=1" for 127.0.0.1 at 2015-09-16 21:21:40 +0600


Started GET "/assets/turbolinks.self-c37727e9bd6b2735da5c311aa83fead54ed0be6cc8bd9a65309e9c5abe2cbfff.js?body=1" for 127.0.0.1 at 2015-09-16 21:21:40 +0600


Started GET "/assets/jquery.self-a714331225dda820228db323939889f149aec0127aeb06255646b616ba1ca419.js?body=1" for 127.0.0.1 at 2015-09-16 21:21:40 +0600


Started GET "/assets/application.self-3b8dabdc891efe46b9a144b400ad69e37d7e5876bdc39dee783419a69d7ca819.js?body=1" for 127.0.0.1 at 2015-09-16 21:21:40 +0600


Started GET "/" for 127.0.0.1 at 2015-09-16 21:21:52 +0600
Processing by PostsController#index as HTML
  [1m[35mPost Load (1.2ms)[0m  SELECT "posts".* FROM "posts"  ORDER BY "posts"."created_at" DESC
  Rendered posts/index.html within layouts/application (6.3ms)
Completed 200 OK in 108ms (Views: 106.1ms | ActiveRecord: 1.2ms)


Started GET "/assets/posts.self-e3b0c44298fc1c149afbf4c8996fb92427ae41e4649b934ca495991b7852b855.css?body=1" for 127.0.0.1 at 2015-09-16 21:21:52 +0600


Started GET "/assets/application.self-e80e8f2318043e8af94dddc2adad5a4f09739a8ebb323b3ab31cd71d45fd9113.css?body=1" for 127.0.0.1 at 2015-09-16 21:21:53 +0600


Started GET "/assets/jquery.self-a714331225dda820228db323939889f149aec0127aeb06255646b616ba1ca419.js?body=1" for 127.0.0.1 at 2015-09-16 21:21:53 +0600


Started GET "/assets/jquery_ujs.self-d456baa54c1fa6be2ec3711f0a72ddf7a5b2f34a6b4f515f33767d6207b7d4b3.js?body=1" for 127.0.0.1 at 2015-09-16 21:21:53 +0600


Started GET "/assets/turbolinks.self-c37727e9bd6b2735da5c311aa83fead54ed0be6cc8bd9a65309e9c5abe2cbfff.js?body=1" for 127.0.0.1 at 2015-09-16 21:21:53 +0600


Started GET "/assets/posts.self-877aef30ae1b040ab8a3aba4e3e309a11d7f2612f44dde450b5c157aa5f95c05.js?body=1" for 127.0.0.1 at 2015-09-16 21:21:53 +0600


Started GET "/assets/application.self-3b8dabdc891efe46b9a144b400ad69e37d7e5876bdc39dee783419a69d7ca819.js?body=1" for 127.0.0.1 at 2015-09-16 21:21:53 +0600


Started POST "/posts" for 127.0.0.1 at 2015-09-16 21:22:16 +0600
Processing by PostsController#create as HTML
  Parameters: {"utf8"=>"✓", "authenticity_token"=>"6Y/tDRC7aSUu/eFtZENhU/LSZpVgWQFQd7AsCdkXxa645hySeGiEAASk/UKWHXFmzBaWAuV70/rRhwgm8qFs/w==", "post"=>{"name"=>"Hello!", "post"=>"Just testing"}, "commit"=>"Create your post"}
  [1m[36m (0.1ms)[0m  [1mbegin transaction[0m
  [1m[35mSQL (30.9ms)[0m  INSERT INTO "posts" ("name", "post", "created_at", "updated_at") VALUES (?, ?, ?, ?)  [["name", "Hello!"], ["post", "Just testing"], ["created_at", "2015-09-16 15:22:16.279618"], ["updated_at", "2015-09-16 15:22:16.279618"]]
  [1m[36m (89.8ms)[0m  [1mcommit transaction[0m
Redirected to http://localhost:8080/
Completed 302 Found in 124ms (ActiveRecord: 120.8ms)


Started GET "/" for 127.0.0.1 at 2015-09-16 21:22:16 +0600
Processing by PostsController#index as HTML
  [1m[35mPost Load (0.6ms)[0m  SELECT "posts".* FROM "posts"  ORDER BY "posts"."created_at" DESC
  Rendered posts/index.html within layouts/application (3.2ms)
Completed 200 OK in 111ms (Views: 109.1ms | ActiveRecord: 0.6ms)


Started GET "/" for 127.0.0.1 at 2015-09-16 21:27:41 +0600
  [1m[36mActiveRecord::SchemaMigration Load (0.3ms)[0m  [1mSELECT "schema_migrations".* FROM "schema_migrations"[0m
Processing by PostsController#index as HTML
  [1m[35mPost Load (0.5ms)[0m  SELECT "posts".* FROM "posts"  ORDER BY "posts"."created_at" DESC
  Rendered posts/index.html within layouts/application (105.7ms)
Completed 500 Internal Server Error in 398ms (ActiveRecord: 1.4ms)

ActionView::Template::Error (File to import not found or unreadable: boostrap-sprockets.
Load paths:
  /media/jellojunkie/08FCF780FCF765FA/Projects/guests_page/app/assets/images
  /media/jellojunkie/08FCF780FCF765FA/Projects/guests_page/app/assets/javascripts
  /media/jellojunkie/08FCF780FCF765FA/Projects/guests_page/app/assets/stylesheets
  /media/jellojunkie/08FCF780FCF765FA/Projects/guests_page/vendor/assets/javascripts
  /media/jellojunkie/08FCF780FCF765FA/Projects/guests_page/vendor/assets/stylesheets
  /home/jellojunkie/.rvm/rubies/ruby-2.2.3/lib/ruby/gems/2.2.0/gems/turbolinks-2.5.3/lib/assets/javascripts
  /home/jellojunkie/.rvm/rubies/ruby-2.2.3/lib/ruby/gems/2.2.0/gems/jquery-rails-4.0.5/vendor/assets/javascripts
  /home/jellojunkie/.rvm/rubies/ruby-2.2.3/lib/ruby/gems/2.2.0/gems/coffee-rails-4.1.0/lib/assets/javascripts
  /home/jellojunkie/.rvm/gems/ruby-2.2.3/gems/bootstrap-sass-3.3.5.1/assets/stylesheets
  /home/jellojunkie/.rvm/gems/ruby-2.2.3/gems/bootstrap-sass-3.3.5.1/assets/javascripts
  /home/jellojunkie/.rvm/gems/ruby-2.2.3/gems/bootstrap-sass-3.3.5.1/assets/fonts
  /home/jellojunkie/.rvm/gems/ruby-2.2.3/gems/bootstrap-sass-3.3.5.1/assets/images
  /home/jellojunkie/.rvm/gems/ruby-2.2.3/gems/bootstrap-sass-3.3.5.1/assets/stylesheets):
    2: <html>
    3: <head>
    4:   <title>GuestsPage</title>
    5:   <%= stylesheet_link_tag    'application', media: 'all', 'data-turbolinks-track' => true %>
    6:   <%= javascript_include_tag 'application', 'data-turbolinks-track' => true %>
    7:   <%= csrf_meta_tags %>
    8: </head>
  app/assets/stylesheets/application.css.sass:18
  app/views/layouts/application.html.erb:5:in `_app_views_layouts_application_html_erb___3802174561985749479_49879900'


  Rendered /home/jellojunkie/.rvm/gems/ruby-2.2.3/gems/actionpack-4.2.4/lib/action_dispatch/middleware/templates/rescues/_source.erb (19.7ms)
  Rendered /home/jellojunkie/.rvm/gems/ruby-2.2.3/gems/actionpack-4.2.4/lib/action_dispatch/middleware/templates/rescues/_trace.html.erb (10.1ms)
  Rendered /home/jellojunkie/.rvm/gems/ruby-2.2.3/gems/actionpack-4.2.4/lib/action_dispatch/middleware/templates/rescues/_request_and_response.html.erb (1.7ms)
  Rendered /home/jellojunkie/.rvm/gems/ruby-2.2.3/gems/actionpack-4.2.4/lib/action_dispatch/middleware/templates/rescues/template_error.html.erb within rescues/layout (48.3ms)
  Rendered /home/jellojunkie/.rvm/gems/ruby-2.2.3/gems/web-console-2.2.1/lib/web_console/templates/_markup.html.erb (0.6ms)
  Rendered /home/jellojunkie/.rvm/gems/ruby-2.2.3/gems/web-console-2.2.1/lib/web_console/templates/_inner_console_markup.html.erb within layouts/inlined_string (0.6ms)
  Rendered /home/jellojunkie/.rvm/gems/ruby-2.2.3/gems/web-console-2.2.1/lib/web_console/templates/_prompt_box_markup.html.erb within layouts/inlined_string (0.4ms)
  Rendered /home/jellojunkie/.rvm/gems/ruby-2.2.3/gems/web-console-2.2.1/lib/web_console/templates/style.css.erb within layouts/inlined_string (1.1ms)
  Rendered /home/jellojunkie/.rvm/gems/ruby-2.2.3/gems/web-console-2.2.1/lib/web_console/templates/console.js.erb within layouts/javascript (25.0ms)
  Rendered /home/jellojunkie/.rvm/gems/ruby-2.2.3/gems/web-console-2.2.1/lib/web_console/templates/main.js.erb within layouts/javascript (1.2ms)
  Rendered /home/jellojunkie/.rvm/gems/ruby-2.2.3/gems/web-console-2.2.1/lib/web_console/templates/error_page.js.erb within layouts/javascript (1.2ms)
  Rendered /home/jellojunkie/.rvm/gems/ruby-2.2.3/gems/web-console-2.2.1/lib/web_console/templates/index.html.erb (62.4ms)


Started GET "/" for 127.0.0.1 at 2015-09-16 21:28:28 +0600
Processing by PostsController#index as HTML
  [1m[36mPost Load (1.7ms)[0m  [1mSELECT "posts".* FROM "posts"  ORDER BY "posts"."created_at" DESC[0m
  Rendered posts/index.html within layouts/application (5.0ms)
Completed 500 Internal Server Error in 41ms (ActiveRecord: 1.7ms)

ActionView::Template::Error (Invalid @import: expected end of line, was ";".):
    2: <html>
    3: <head>
    4:   <title>GuestsPage</title>
    5:   <%= stylesheet_link_tag    'application', media: 'all', 'data-turbolinks-track' => true %>
    6:   <%= javascript_include_tag 'application', 'data-turbolinks-track' => true %>
    7:   <%= csrf_meta_tags %>
    8: </head>
  app/assets/stylesheets/application.css.sass:18
  app/views/layouts/application.html.erb:5:in `_app_views_layouts_application_html_erb___3802174561985749479_49879900'


  Rendered /home/jellojunkie/.rvm/gems/ruby-2.2.3/gems/actionpack-4.2.4/lib/action_dispatch/middleware/templates/rescues/_source.erb (11.1ms)
  Rendered /home/jellojunkie/.rvm/gems/ruby-2.2.3/gems/actionpack-4.2.4/lib/action_dispatch/middleware/templates/rescues/_trace.html.erb (5.2ms)
  Rendered /home/jellojunkie/.rvm/gems/ruby-2.2.3/gems/actionpack-4.2.4/lib/action_dispatch/middleware/templates/rescues/_request_and_response.html.erb (1.8ms)
  Rendered /home/jellojunkie/.rvm/gems/ruby-2.2.3/gems/actionpack-4.2.4/lib/action_dispatch/middleware/templates/rescues/template_error.html.erb within rescues/layout (33.8ms)
  Rendered /home/jellojunkie/.rvm/gems/ruby-2.2.3/gems/web-console-2.2.1/lib/web_console/templates/_markup.html.erb (0.6ms)
  Rendered /home/jellojunkie/.rvm/gems/ruby-2.2.3/gems/web-console-2.2.1/lib/web_console/templates/_inner_console_markup.html.erb within layouts/inlined_string (0.3ms)
  Rendered /home/jellojunkie/.rvm/gems/ruby-2.2.3/gems/web-console-2.2.1/lib/web_console/templates/_prompt_box_markup.html.erb within layouts/inlined_string (0.3ms)
  Rendered /home/jellojunkie/.rvm/gems/ruby-2.2.3/gems/web-console-2.2.1/lib/web_console/templates/style.css.erb within layouts/inlined_string (0.3ms)
  Rendered /home/jellojunkie/.rvm/gems/ruby-2.2.3/gems/web-console-2.2.1/lib/web_console/templates/console.js.erb within layouts/javascript (15.7ms)
  Rendered /home/jellojunkie/.rvm/gems/ruby-2.2.3/gems/web-console-2.2.1/lib/web_console/templates/main.js.erb within layouts/javascript (0.2ms)
  Rendered /home/jellojunkie/.rvm/gems/ruby-2.2.3/gems/web-console-2.2.1/lib/web_console/templates/error_page.js.erb within layouts/javascript (0.5ms)
  Rendered /home/jellojunkie/.rvm/gems/ruby-2.2.3/gems/web-console-2.2.1/lib/web_console/templates/index.html.erb (37.4ms)


Started GET "/" for 127.0.0.1 at 2015-09-16 21:28:32 +0600
Processing by PostsController#index as HTML
  [1m[35mPost Load (4.8ms)[0m  SELECT "posts".* FROM "posts"  ORDER BY "posts"."created_at" DESC
  Rendered posts/index.html within layouts/application (7.1ms)
Completed 500 Internal Server Error in 66ms (ActiveRecord: 4.8ms)

ActionView::Template::Error (Invalid @import: expected end of line, was ";".):
    2: <html>
    3: <head>
    4:   <title>GuestsPage</title>
    5:   <%= stylesheet_link_tag    'application', media: 'all', 'data-turbolinks-track' => true %>
    6:   <%= javascript_include_tag 'application', 'data-turbolinks-track' => true %>
    7:   <%= csrf_meta_tags %>
    8: </head>
  app/assets/stylesheets/application.css.sass:18
  app/views/layouts/application.html.erb:5:in `_app_views_layouts_application_html_erb___3802174561985749479_49879900'


  Rendered /home/jellojunkie/.rvm/gems/ruby-2.2.3/gems/actionpack-4.2.4/lib/action_dispatch/middleware/templates/rescues/_source.erb (16.6ms)
  Rendered /home/jellojunkie/.rvm/gems/ruby-2.2.3/gems/actionpack-4.2.4/lib/action_dispatch/middleware/templates/rescues/_trace.html.erb (6.5ms)
  Rendered /home/jellojunkie/.rvm/gems/ruby-2.2.3/gems/actionpack-4.2.4/lib/action_dispatch/middleware/templates/rescues/_request_and_response.html.erb (1.0ms)
  Rendered /home/jellojunkie/.rvm/gems/ruby-2.2.3/gems/actionpack-4.2.4/lib/action_dispatch/middleware/templates/rescues/template_error.html.erb within rescues/layout (44.6ms)
  Rendered /home/jellojunkie/.rvm/gems/ruby-2.2.3/gems/web-console-2.2.1/lib/web_console/templates/_markup.html.erb (0.6ms)
  Rendered /home/jellojunkie/.rvm/gems/ruby-2.2.3/gems/web-console-2.2.1/lib/web_console/templates/_inner_console_markup.html.erb within layouts/inlined_string (0.4ms)
  Rendered /home/jellojunkie/.rvm/gems/ruby-2.2.3/gems/web-console-2.2.1/lib/web_console/templates/_prompt_box_markup.html.erb within layouts/inlined_string (0.3ms)
  Rendered /home/jellojunkie/.rvm/gems/ruby-2.2.3/gems/web-console-2.2.1/lib/web_console/templates/style.css.erb within layouts/inlined_string (0.5ms)
  Rendered /home/jellojunkie/.rvm/gems/ruby-2.2.3/gems/web-console-2.2.1/lib/web_console/templates/console.js.erb within layouts/javascript (25.0ms)
  Rendered /home/jellojunkie/.rvm/gems/ruby-2.2.3/gems/web-console-2.2.1/lib/web_console/templates/main.js.erb within layouts/javascript (0.4ms)
  Rendered /home/jellojunkie/.rvm/gems/ruby-2.2.3/gems/web-console-2.2.1/lib/web_console/templates/error_page.js.erb within layouts/javascript (0.5ms)
  Rendered /home/jellojunkie/.rvm/gems/ruby-2.2.3/gems/web-console-2.2.1/lib/web_console/templates/index.html.erb (49.4ms)


Started GET "/" for 127.0.0.1 at 2015-09-16 21:29:03 +0600
Processing by PostsController#index as HTML
  [1m[36mPost Load (0.4ms)[0m  [1mSELECT "posts".* FROM "posts"  ORDER BY "posts"."created_at" DESC[0m
  Rendered posts/index.html within layouts/application (2.6ms)
Completed 500 Internal Server Error in 46ms (ActiveRecord: 0.4ms)

ActionView::Template::Error (Invalid @import: expected end of line, was ";".):
    2: <html>
    3: <head>
    4:   <title>GuestsPage</title>
    5:   <%= stylesheet_link_tag    'application', media: 'all', 'data-turbolinks-track' => true %>
    6:   <%= javascript_include_tag 'application', 'data-turbolinks-track' => true %>
    7:   <%= csrf_meta_tags %>
    8: </head>
  app/assets/stylesheets/application.css.sass:18
  app/views/layouts/application.html.erb:5:in `_app_views_layouts_application_html_erb___3802174561985749479_49879900'


  Rendered /home/jellojunkie/.rvm/gems/ruby-2.2.3/gems/actionpack-4.2.4/lib/action_dispatch/middleware/templates/rescues/_source.erb (19.3ms)
  Rendered /home/jellojunkie/.rvm/gems/ruby-2.2.3/gems/actionpack-4.2.4/lib/action_dispatch/middleware/templates/rescues/_trace.html.erb (6.3ms)
  Rendered /home/jellojunkie/.rvm/gems/ruby-2.2.3/gems/actionpack-4.2.4/lib/action_dispatch/middleware/templates/rescues/_request_and_response.html.erb (1.0ms)
  Rendered /home/jellojunkie/.rvm/gems/ruby-2.2.3/gems/actionpack-4.2.4/lib/action_dispatch/middleware/templates/rescues/template_error.html.erb within rescues/layout (43.3ms)
  Rendered /home/jellojunkie/.rvm/gems/ruby-2.2.3/gems/web-console-2.2.1/lib/web_console/templates/_markup.html.erb (0.6ms)
  Rendered /home/jellojunkie/.rvm/gems/ruby-2.2.3/gems/web-console-2.2.1/lib/web_console/templates/_inner_console_markup.html.erb within layouts/inlined_string (0.3ms)
  Rendered /home/jellojunkie/.rvm/gems/ruby-2.2.3/gems/web-console-2.2.1/lib/web_console/templates/_prompt_box_markup.html.erb within layouts/inlined_string (0.3ms)
  Rendered /home/jellojunkie/.rvm/gems/ruby-2.2.3/gems/web-console-2.2.1/lib/web_console/templates/style.css.erb within layouts/inlined_string (0.5ms)
  Rendered /home/jellojunkie/.rvm/gems/ruby-2.2.3/gems/web-console-2.2.1/lib/web_console/templates/console.js.erb within layouts/javascript (19.1ms)
  Rendered /home/jellojunkie/.rvm/gems/ruby-2.2.3/gems/web-console-2.2.1/lib/web_console/templates/main.js.erb within layouts/javascript (0.5ms)
  Rendered /home/jellojunkie/.rvm/gems/ruby-2.2.3/gems/web-console-2.2.1/lib/web_console/templates/error_page.js.erb within layouts/javascript (0.6ms)
  Rendered /home/jellojunkie/.rvm/gems/ruby-2.2.3/gems/web-console-2.2.1/lib/web_console/templates/index.html.erb (48.4ms)


Started GET "/" for 127.0.0.1 at 2015-09-16 21:30:15 +0600
Processing by PostsController#index as HTML
  [1m[35mPost Load (0.6ms)[0m  SELECT "posts".* FROM "posts"  ORDER BY "posts"."created_at" DESC
  Rendered posts/index.html within layouts/application (6.7ms)
Completed 500 Internal Server Error in 39ms (ActiveRecord: 0.6ms)

ActionView::Template::Error (Invalid @import: expected end of line, was ";".):
    2: <html>
    3: <head>
    4:   <title>GuestsPage</title>
    5:   <%= stylesheet_link_tag    'application', media: 'all', 'data-turbolinks-track' => true %>
    6:   <%= javascript_include_tag 'application', 'data-turbolinks-track' => true %>
    7:   <%= csrf_meta_tags %>
    8: </head>
  app/assets/stylesheets/application.css.sass:18
  app/views/layouts/application.html.erb:5:in `_app_views_layouts_application_html_erb___3802174561985749479_49879900'


  Rendered /home/jellojunkie/.rvm/gems/ruby-2.2.3/gems/actionpack-4.2.4/lib/action_dispatch/middleware/templates/rescues/_source.erb (10.7ms)
  Rendered /home/jellojunkie/.rvm/gems/ruby-2.2.3/gems/actionpack-4.2.4/lib/action_dispatch/middleware/templates/rescues/_trace.html.erb (4.4ms)
  Rendered /home/jellojunkie/.rvm/gems/ruby-2.2.3/gems/actionpack-4.2.4/lib/action_dispatch/middleware/templates/rescues/_request_and_response.html.erb (1.3ms)
  Rendered /home/jellojunkie/.rvm/gems/ruby-2.2.3/gems/actionpack-4.2.4/lib/action_dispatch/middleware/templates/rescues/template_error.html.erb within rescues/layout (30.3ms)
  Rendered /home/jellojunkie/.rvm/gems/ruby-2.2.3/gems/web-console-2.2.1/lib/web_console/templates/_markup.html.erb (0.6ms)
  Rendered /home/jellojunkie/.rvm/gems/ruby-2.2.3/gems/web-console-2.2.1/lib/web_console/templates/_inner_console_markup.html.erb within layouts/inlined_string (0.5ms)
  Rendered /home/jellojunkie/.rvm/gems/ruby-2.2.3/gems/web-console-2.2.1/lib/web_console/templates/_prompt_box_markup.html.erb within layouts/inlined_string (0.5ms)
  Rendered /home/jellojunkie/.rvm/gems/ruby-2.2.3/gems/web-console-2.2.1/lib/web_console/templates/style.css.erb within layouts/inlined_string (0.6ms)
  Rendered /home/jellojunkie/.rvm/gems/ruby-2.2.3/gems/web-console-2.2.1/lib/web_console/templates/console.js.erb within layouts/javascript (28.2ms)
  Rendered /home/jellojunkie/.rvm/gems/ruby-2.2.3/gems/web-console-2.2.1/lib/web_console/templates/main.js.erb within layouts/javascript (0.5ms)
  Rendered /home/jellojunkie/.rvm/gems/ruby-2.2.3/gems/web-console-2.2.1/lib/web_console/templates/error_page.js.erb within layouts/javascript (0.7ms)
  Rendered /home/jellojunkie/.rvm/gems/ruby-2.2.3/gems/web-console-2.2.1/lib/web_console/templates/index.html.erb (59.7ms)


Started GET "/" for 127.0.0.1 at 2015-09-16 21:30:23 +0600
Processing by PostsController#index as HTML
  [1m[36mPost Load (0.8ms)[0m  [1mSELECT "posts".* FROM "posts"  ORDER BY "posts"."created_at" DESC[0m
  Rendered posts/index.html within layouts/application (5.9ms)
Completed 500 Internal Server Error in 74ms (ActiveRecord: 0.8ms)

ActionView::Template::Error (File to import not found or unreadable: boostrap-sprockets.
Load paths:
  /media/jellojunkie/08FCF780FCF765FA/Projects/guests_page/app/assets/images
  /media/jellojunkie/08FCF780FCF765FA/Projects/guests_page/app/assets/javascripts
  /media/jellojunkie/08FCF780FCF765FA/Projects/guests_page/app/assets/stylesheets
  /media/jellojunkie/08FCF780FCF765FA/Projects/guests_page/vendor/assets/javascripts
  /media/jellojunkie/08FCF780FCF765FA/Projects/guests_page/vendor/assets/stylesheets
  /home/jellojunkie/.rvm/rubies/ruby-2.2.3/lib/ruby/gems/2.2.0/gems/turbolinks-2.5.3/lib/assets/javascripts
  /home/jellojunkie/.rvm/rubies/ruby-2.2.3/lib/ruby/gems/2.2.0/gems/jquery-rails-4.0.5/vendor/assets/javascripts
  /home/jellojunkie/.rvm/rubies/ruby-2.2.3/lib/ruby/gems/2.2.0/gems/coffee-rails-4.1.0/lib/assets/javascripts
  /home/jellojunkie/.rvm/gems/ruby-2.2.3/gems/bootstrap-sass-3.3.5.1/assets/stylesheets
  /home/jellojunkie/.rvm/gems/ruby-2.2.3/gems/bootstrap-sass-3.3.5.1/assets/javascripts
  /home/jellojunkie/.rvm/gems/ruby-2.2.3/gems/bootstrap-sass-3.3.5.1/assets/fonts
  /home/jellojunkie/.rvm/gems/ruby-2.2.3/gems/bootstrap-sass-3.3.5.1/assets/images
  /home/jellojunkie/.rvm/gems/ruby-2.2.3/gems/bootstrap-sass-3.3.5.1/assets/stylesheets):
    2: <html>
    3: <head>
    4:   <title>GuestsPage</title>
    5:   <%= stylesheet_link_tag    'application', media: 'all', 'data-turbolinks-track' => true %>
    6:   <%= javascript_include_tag 'application', 'data-turbolinks-track' => true %>
    7:   <%= csrf_meta_tags %>
    8: </head>
  app/assets/stylesheets/application.css.sass:18
  app/views/layouts/application.html.erb:5:in `_app_views_layouts_application_html_erb___3802174561985749479_49879900'


  Rendered /home/jellojunkie/.rvm/gems/ruby-2.2.3/gems/actionpack-4.2.4/lib/action_dispatch/middleware/templates/rescues/_source.erb (11.9ms)
  Rendered /home/jellojunkie/.rvm/gems/ruby-2.2.3/gems/actionpack-4.2.4/lib/action_dispatch/middleware/templates/rescues/_trace.html.erb (5.1ms)
  Rendered /home/jellojunkie/.rvm/gems/ruby-2.2.3/gems/actionpack-4.2.4/lib/action_dispatch/middleware/templates/rescues/_request_and_response.html.erb (1.2ms)
  Rendered /home/jellojunkie/.rvm/gems/ruby-2.2.3/gems/actionpack-4.2.4/lib/action_dispatch/middleware/templates/rescues/template_error.html.erb within rescues/layout (33.2ms)
  Rendered /home/jellojunkie/.rvm/gems/ruby-2.2.3/gems/web-console-2.2.1/lib/web_console/templates/_markup.html.erb (0.4ms)
  Rendered /home/jellojunkie/.rvm/gems/ruby-2.2.3/gems/web-console-2.2.1/lib/web_console/templates/_inner_console_markup.html.erb within layouts/inlined_string (0.6ms)
  Rendered /home/jellojunkie/.rvm/gems/ruby-2.2.3/gems/web-console-2.2.1/lib/web_console/templates/_prompt_box_markup.html.erb within layouts/inlined_string (0.3ms)
  Rendered /home/jellojunkie/.rvm/gems/ruby-2.2.3/gems/web-console-2.2.1/lib/web_console/templates/style.css.erb within layouts/inlined_string (0.4ms)
  Rendered /home/jellojunkie/.rvm/gems/ruby-2.2.3/gems/web-console-2.2.1/lib/web_console/templates/console.js.erb within layouts/javascript (21.4ms)
  Rendered /home/jellojunkie/.rvm/gems/ruby-2.2.3/gems/web-console-2.2.1/lib/web_console/templates/main.js.erb within layouts/javascript (0.6ms)
  Rendered /home/jellojunkie/.rvm/gems/ruby-2.2.3/gems/web-console-2.2.1/lib/web_console/templates/error_page.js.erb within layouts/javascript (0.9ms)
  Rendered /home/jellojunkie/.rvm/gems/ruby-2.2.3/gems/web-console-2.2.1/lib/web_console/templates/index.html.erb (43.9ms)


Started GET "/" for 127.0.0.1 at 2015-09-16 21:30:37 +0600
Processing by PostsController#index as HTML
  [1m[35mPost Load (0.4ms)[0m  SELECT "posts".* FROM "posts"  ORDER BY "posts"."created_at" DESC
  Rendered posts/index.html within layouts/application (2.9ms)
Completed 500 Internal Server Error in 57ms (ActiveRecord: 0.4ms)

ActionView::Template::Error (File to import not found or unreadable: boostrap.
Load paths:
  /media/jellojunkie/08FCF780FCF765FA/Projects/guests_page/app/assets/images
  /media/jellojunkie/08FCF780FCF765FA/Projects/guests_page/app/assets/javascripts
  /media/jellojunkie/08FCF780FCF765FA/Projects/guests_page/app/assets/stylesheets
  /media/jellojunkie/08FCF780FCF765FA/Projects/guests_page/vendor/assets/javascripts
  /media/jellojunkie/08FCF780FCF765FA/Projects/guests_page/vendor/assets/stylesheets
  /home/jellojunkie/.rvm/rubies/ruby-2.2.3/lib/ruby/gems/2.2.0/gems/turbolinks-2.5.3/lib/assets/javascripts
  /home/jellojunkie/.rvm/rubies/ruby-2.2.3/lib/ruby/gems/2.2.0/gems/jquery-rails-4.0.5/vendor/assets/javascripts
  /home/jellojunkie/.rvm/rubies/ruby-2.2.3/lib/ruby/gems/2.2.0/gems/coffee-rails-4.1.0/lib/assets/javascripts
  /home/jellojunkie/.rvm/gems/ruby-2.2.3/gems/bootstrap-sass-3.3.5.1/assets/stylesheets
  /home/jellojunkie/.rvm/gems/ruby-2.2.3/gems/bootstrap-sass-3.3.5.1/assets/javascripts
  /home/jellojunkie/.rvm/gems/ruby-2.2.3/gems/bootstrap-sass-3.3.5.1/assets/fonts
  /home/jellojunkie/.rvm/gems/ruby-2.2.3/gems/bootstrap-sass-3.3.5.1/assets/images
  /home/jellojunkie/.rvm/gems/ruby-2.2.3/gems/bootstrap-sass-3.3.5.1/assets/stylesheets):
    2: <html>
    3: <head>
    4:   <title>GuestsPage</title>
    5:   <%= stylesheet_link_tag    'application', media: 'all', 'data-turbolinks-track' => true %>
    6:   <%= javascript_include_tag 'application', 'data-turbolinks-track' => true %>
    7:   <%= csrf_meta_tags %>
    8: </head>
  app/assets/stylesheets/application.css.sass:18
  app/views/layouts/application.html.erb:5:in `_app_views_layouts_application_html_erb___3802174561985749479_49879900'


  Rendered /home/jellojunkie/.rvm/gems/ruby-2.2.3/gems/actionpack-4.2.4/lib/action_dispatch/middleware/templates/rescues/_source.erb (20.6ms)
  Rendered /home/jellojunkie/.rvm/gems/ruby-2.2.3/gems/actionpack-4.2.4/lib/action_dispatch/middleware/templates/rescues/_trace.html.erb (8.9ms)
  Rendered /home/jellojunkie/.rvm/gems/ruby-2.2.3/gems/actionpack-4.2.4/lib/action_dispatch/middleware/templates/rescues/_request_and_response.html.erb (1.2ms)
  Rendered /home/jellojunkie/.rvm/gems/ruby-2.2.3/gems/actionpack-4.2.4/lib/action_dispatch/middleware/templates/rescues/template_error.html.erb within rescues/layout (53.8ms)
  Rendered /home/jellojunkie/.rvm/gems/ruby-2.2.3/gems/web-console-2.2.1/lib/web_console/templates/_markup.html.erb (0.4ms)
  Rendered /home/jellojunkie/.rvm/gems/ruby-2.2.3/gems/web-console-2.2.1/lib/web_console/templates/_inner_console_markup.html.erb within layouts/inlined_string (0.4ms)
  Rendered /home/jellojunkie/.rvm/gems/ruby-2.2.3/gems/web-console-2.2.1/lib/web_console/templates/_prompt_box_markup.html.erb within layouts/inlined_string (0.5ms)
  Rendered /home/jellojunkie/.rvm/gems/ruby-2.2.3/gems/web-console-2.2.1/lib/web_console/templates/style.css.erb within layouts/inlined_string (0.6ms)
  Rendered /home/jellojunkie/.rvm/gems/ruby-2.2.3/gems/web-console-2.2.1/lib/web_console/templates/console.js.erb within layouts/javascript (25.1ms)
  Rendered /home/jellojunkie/.rvm/gems/ruby-2.2.3/gems/web-console-2.2.1/lib/web_console/templates/main.js.erb within layouts/javascript (0.4ms)
  Rendered /home/jellojunkie/.rvm/gems/ruby-2.2.3/gems/web-console-2.2.1/lib/web_console/templates/error_page.js.erb within layouts/javascript (0.4ms)
  Rendered /home/jellojunkie/.rvm/gems/ruby-2.2.3/gems/web-console-2.2.1/lib/web_console/templates/index.html.erb (45.5ms)


Started GET "/" for 127.0.0.1 at 2015-09-16 21:30:45 +0600
Processing by PostsController#index as HTML
  [1m[36mPost Load (1.7ms)[0m  [1mSELECT "posts".* FROM "posts"  ORDER BY "posts"."created_at" DESC[0m
  Rendered posts/index.html within layouts/application (4.2ms)
Completed 500 Internal Server Error in 38ms (ActiveRecord: 1.7ms)

ActionView::Template::Error (Invalid @import: expected end of line, was ";".):
    2: <html>
    3: <head>
    4:   <title>GuestsPage</title>
    5:   <%= stylesheet_link_tag    'application', media: 'all', 'data-turbolinks-track' => true %>
    6:   <%= javascript_include_tag 'application', 'data-turbolinks-track' => true %>
    7:   <%= csrf_meta_tags %>
    8: </head>
  app/assets/stylesheets/application.css.sass:18
  app/views/layouts/application.html.erb:5:in `_app_views_layouts_application_html_erb___3802174561985749479_49879900'


  Rendered /home/jellojunkie/.rvm/gems/ruby-2.2.3/gems/actionpack-4.2.4/lib/action_dispatch/middleware/templates/rescues/_source.erb (10.3ms)
  Rendered /home/jellojunkie/.rvm/gems/ruby-2.2.3/gems/actionpack-4.2.4/lib/action_dispatch/middleware/templates/rescues/_trace.html.erb (18.4ms)
  Rendered /home/jellojunkie/.rvm/gems/ruby-2.2.3/gems/actionpack-4.2.4/lib/action_dispatch/middleware/templates/rescues/_request_and_response.html.erb (1.2ms)
  Rendered /home/jellojunkie/.rvm/gems/ruby-2.2.3/gems/actionpack-4.2.4/lib/action_dispatch/middleware/templates/rescues/template_error.html.erb within rescues/layout (45.4ms)
  Rendered /home/jellojunkie/.rvm/gems/ruby-2.2.3/gems/web-console-2.2.1/lib/web_console/templates/_markup.html.erb (0.5ms)
  Rendered /home/jellojunkie/.rvm/gems/ruby-2.2.3/gems/web-console-2.2.1/lib/web_console/templates/_inner_console_markup.html.erb within layouts/inlined_string (0.5ms)
  Rendered /home/jellojunkie/.rvm/gems/ruby-2.2.3/gems/web-console-2.2.1/lib/web_console/templates/_prompt_box_markup.html.erb within layouts/inlined_string (0.5ms)
  Rendered /home/jellojunkie/.rvm/gems/ruby-2.2.3/gems/web-console-2.2.1/lib/web_console/templates/style.css.erb within layouts/inlined_string (0.4ms)
  Rendered /home/jellojunkie/.rvm/gems/ruby-2.2.3/gems/web-console-2.2.1/lib/web_console/templates/console.js.erb within layouts/javascript (18.9ms)
  Rendered /home/jellojunkie/.rvm/gems/ruby-2.2.3/gems/web-console-2.2.1/lib/web_console/templates/main.js.erb within layouts/javascript (0.5ms)
  Rendered /home/jellojunkie/.rvm/gems/ruby-2.2.3/gems/web-console-2.2.1/lib/web_console/templates/error_page.js.erb within layouts/javascript (0.6ms)
  Rendered /home/jellojunkie/.rvm/gems/ruby-2.2.3/gems/web-console-2.2.1/lib/web_console/templates/index.html.erb (38.7ms)


Started GET "/" for 127.0.0.1 at 2015-09-16 21:30:50 +0600
Processing by PostsController#index as HTML
  [1m[35mPost Load (1.0ms)[0m  SELECT "posts".* FROM "posts"  ORDER BY "posts"."created_at" DESC
  Rendered posts/index.html within layouts/application (3.4ms)
Completed 500 Internal Server Error in 34ms (ActiveRecord: 1.0ms)

ActionView::Template::Error (Invalid @import: expected end of line, was ";".):
    2: <html>
    3: <head>
    4:   <title>GuestsPage</title>
    5:   <%= stylesheet_link_tag    'application', media: 'all', 'data-turbolinks-track' => true %>
    6:   <%= javascript_include_tag 'application', 'data-turbolinks-track' => true %>
    7:   <%= csrf_meta_tags %>
    8: </head>
  app/assets/stylesheets/application.css.sass:18
  app/views/layouts/application.html.erb:5:in `_app_views_layouts_application_html_erb___3802174561985749479_49879900'


  Rendered /home/jellojunkie/.rvm/gems/ruby-2.2.3/gems/actionpack-4.2.4/lib/action_dispatch/middleware/templates/rescues/_source.erb (14.3ms)
  Rendered /home/jellojunkie/.rvm/gems/ruby-2.2.3/gems/actionpack-4.2.4/lib/action_dispatch/middleware/templates/rescues/_trace.html.erb (8.1ms)
  Rendered /home/jellojunkie/.rvm/gems/ruby-2.2.3/gems/actionpack-4.2.4/lib/action_dispatch/middleware/templates/rescues/_request_and_response.html.erb (1.1ms)
  Rendered /home/jellojunkie/.rvm/gems/ruby-2.2.3/gems/actionpack-4.2.4/lib/action_dispatch/middleware/templates/rescues/template_error.html.erb within rescues/layout (41.6ms)
  Rendered /home/jellojunkie/.rvm/gems/ruby-2.2.3/gems/web-console-2.2.1/lib/web_console/templates/_markup.html.erb (0.7ms)
  Rendered /home/jellojunkie/.rvm/gems/ruby-2.2.3/gems/web-console-2.2.1/lib/web_console/templates/_inner_console_markup.html.erb within layouts/inlined_string (0.6ms)
  Rendered /home/jellojunkie/.rvm/gems/ruby-2.2.3/gems/web-console-2.2.1/lib/web_console/templates/_prompt_box_markup.html.erb within layouts/inlined_string (0.3ms)
  Rendered /home/jellojunkie/.rvm/gems/ruby-2.2.3/gems/web-console-2.2.1/lib/web_console/templates/style.css.erb within layouts/inlined_string (0.4ms)
  Rendered /home/jellojunkie/.rvm/gems/ruby-2.2.3/gems/web-console-2.2.1/lib/web_console/templates/console.js.erb within layouts/javascript (16.8ms)
  Rendered /home/jellojunkie/.rvm/gems/ruby-2.2.3/gems/web-console-2.2.1/lib/web_console/templates/main.js.erb within layouts/javascript (0.4ms)
  Rendered /home/jellojunkie/.rvm/gems/ruby-2.2.3/gems/web-console-2.2.1/lib/web_console/templates/error_page.js.erb within layouts/javascript (1.0ms)
  Rendered /home/jellojunkie/.rvm/gems/ruby-2.2.3/gems/web-console-2.2.1/lib/web_console/templates/index.html.erb (38.3ms)


Started GET "/" for 127.0.0.1 at 2015-09-16 21:30:57 +0600
Processing by PostsController#index as HTML
  [1m[36mPost Load (2.6ms)[0m  [1mSELECT "posts".* FROM "posts"  ORDER BY "posts"."created_at" DESC[0m
  Rendered posts/index.html within layouts/application (5.4ms)
Completed 500 Internal Server Error in 69ms (ActiveRecord: 2.6ms)

ActionView::Template::Error (File to import not found or unreadable: boostrap-sprockets.
Load paths:
  /media/jellojunkie/08FCF780FCF765FA/Projects/guests_page/app/assets/images
  /media/jellojunkie/08FCF780FCF765FA/Projects/guests_page/app/assets/javascripts
  /media/jellojunkie/08FCF780FCF765FA/Projects/guests_page/app/assets/stylesheets
  /media/jellojunkie/08FCF780FCF765FA/Projects/guests_page/vendor/assets/javascripts
  /media/jellojunkie/08FCF780FCF765FA/Projects/guests_page/vendor/assets/stylesheets
  /home/jellojunkie/.rvm/rubies/ruby-2.2.3/lib/ruby/gems/2.2.0/gems/turbolinks-2.5.3/lib/assets/javascripts
  /home/jellojunkie/.rvm/rubies/ruby-2.2.3/lib/ruby/gems/2.2.0/gems/jquery-rails-4.0.5/vendor/assets/javascripts
  /home/jellojunkie/.rvm/rubies/ruby-2.2.3/lib/ruby/gems/2.2.0/gems/coffee-rails-4.1.0/lib/assets/javascripts
  /home/jellojunkie/.rvm/gems/ruby-2.2.3/gems/bootstrap-sass-3.3.5.1/assets/stylesheets
  /home/jellojunkie/.rvm/gems/ruby-2.2.3/gems/bootstrap-sass-3.3.5.1/assets/javascripts
  /home/jellojunkie/.rvm/gems/ruby-2.2.3/gems/bootstrap-sass-3.3.5.1/assets/fonts
  /home/jellojunkie/.rvm/gems/ruby-2.2.3/gems/bootstrap-sass-3.3.5.1/assets/images
  /home/jellojunkie/.rvm/gems/ruby-2.2.3/gems/bootstrap-sass-3.3.5.1/assets/stylesheets):
    2: <html>
    3: <head>
    4:   <title>GuestsPage</title>
    5:   <%= stylesheet_link_tag    'application', media: 'all', 'data-turbolinks-track' => true %>
    6:   <%= javascript_include_tag 'application', 'data-turbolinks-track' => true %>
    7:   <%= csrf_meta_tags %>
    8: </head>
  app/assets/stylesheets/application.css.sass:18
  app/views/layouts/application.html.erb:5:in `_app_views_layouts_application_html_erb___3802174561985749479_49879900'


  Rendered /home/jellojunkie/.rvm/gems/ruby-2.2.3/gems/actionpack-4.2.4/lib/action_dispatch/middleware/templates/rescues/_source.erb (15.6ms)
  Rendered /home/jellojunkie/.rvm/gems/ruby-2.2.3/gems/actionpack-4.2.4/lib/action_dispatch/middleware/templates/rescues/_trace.html.erb (6.7ms)
  Rendered /home/jellojunkie/.rvm/gems/ruby-2.2.3/gems/actionpack-4.2.4/lib/action_dispatch/middleware/templates/rescues/_request_and_response.html.erb (2.1ms)
  Rendered /home/jellojunkie/.rvm/gems/ruby-2.2.3/gems/actionpack-4.2.4/lib/action_dispatch/middleware/templates/rescues/template_error.html.erb within rescues/layout (47.0ms)
  Rendered /home/jellojunkie/.rvm/gems/ruby-2.2.3/gems/web-console-2.2.1/lib/web_console/templates/_markup.html.erb (0.5ms)
  Rendered /home/jellojunkie/.rvm/gems/ruby-2.2.3/gems/web-console-2.2.1/lib/web_console/templates/_inner_console_markup.html.erb within layouts/inlined_string (0.4ms)
  Rendered /home/jellojunkie/.rvm/gems/ruby-2.2.3/gems/web-console-2.2.1/lib/web_console/templates/_prompt_box_markup.html.erb within layouts/inlined_string (0.4ms)
  Rendered /home/jellojunkie/.rvm/gems/ruby-2.2.3/gems/web-console-2.2.1/lib/web_console/templates/style.css.erb within layouts/inlined_string (0.5ms)
  Rendered /home/jellojunkie/.rvm/gems/ruby-2.2.3/gems/web-console-2.2.1/lib/web_console/templates/console.js.erb within layouts/javascript (24.3ms)
  Rendered /home/jellojunkie/.rvm/gems/ruby-2.2.3/gems/web-console-2.2.1/lib/web_console/templates/main.js.erb within layouts/javascript (0.6ms)
  Rendered /home/jellojunkie/.rvm/gems/ruby-2.2.3/gems/web-console-2.2.1/lib/web_console/templates/error_page.js.erb within layouts/javascript (0.7ms)
  Rendered /home/jellojunkie/.rvm/gems/ruby-2.2.3/gems/web-console-2.2.1/lib/web_console/templates/index.html.erb (49.5ms)


Started GET "/" for 127.0.0.1 at 2015-09-16 21:31:10 +0600
Processing by PostsController#index as HTML
  [1m[35mPost Load (1.2ms)[0m  SELECT "posts".* FROM "posts"  ORDER BY "posts"."created_at" DESC
  Rendered posts/index.html within layouts/application (4.0ms)
Completed 500 Internal Server Error in 135ms (ActiveRecord: 1.2ms)

ActionView::Template::Error (File to import not found or unreadable: boostrap.
Load paths:
  /media/jellojunkie/08FCF780FCF765FA/Projects/guests_page/app/assets/images
  /media/jellojunkie/08FCF780FCF765FA/Projects/guests_page/app/assets/javascripts
  /media/jellojunkie/08FCF780FCF765FA/Projects/guests_page/app/assets/stylesheets
  /media/jellojunkie/08FCF780FCF765FA/Projects/guests_page/vendor/assets/javascripts
  /media/jellojunkie/08FCF780FCF765FA/Projects/guests_page/vendor/assets/stylesheets
  /home/jellojunkie/.rvm/rubies/ruby-2.2.3/lib/ruby/gems/2.2.0/gems/turbolinks-2.5.3/lib/assets/javascripts
  /home/jellojunkie/.rvm/rubies/ruby-2.2.3/lib/ruby/gems/2.2.0/gems/jquery-rails-4.0.5/vendor/assets/javascripts
  /home/jellojunkie/.rvm/rubies/ruby-2.2.3/lib/ruby/gems/2.2.0/gems/coffee-rails-4.1.0/lib/assets/javascripts
  /home/jellojunkie/.rvm/gems/ruby-2.2.3/gems/bootstrap-sass-3.3.5.1/assets/stylesheets
  /home/jellojunkie/.rvm/gems/ruby-2.2.3/gems/bootstrap-sass-3.3.5.1/assets/javascripts
  /home/jellojunkie/.rvm/gems/ruby-2.2.3/gems/bootstrap-sass-3.3.5.1/assets/fonts
  /home/jellojunkie/.rvm/gems/ruby-2.2.3/gems/bootstrap-sass-3.3.5.1/assets/images
  /home/jellojunkie/.rvm/gems/ruby-2.2.3/gems/bootstrap-sass-3.3.5.1/assets/stylesheets):
    2: <html>
    3: <head>
    4:   <title>GuestsPage</title>
    5:   <%= stylesheet_link_tag    'application', media: 'all', 'data-turbolinks-track' => true %>
    6:   <%= javascript_include_tag 'application', 'data-turbolinks-track' => true %>
    7:   <%= csrf_meta_tags %>
    8: </head>
  app/assets/stylesheets/application.css.sass:19
  app/views/layouts/application.html.erb:5:in `_app_views_layouts_application_html_erb___3802174561985749479_49879900'


  Rendered /home/jellojunkie/.rvm/gems/ruby-2.2.3/gems/actionpack-4.2.4/lib/action_dispatch/middleware/templates/rescues/_source.erb (12.9ms)
  Rendered /home/jellojunkie/.rvm/gems/ruby-2.2.3/gems/actionpack-4.2.4/lib/action_dispatch/middleware/templates/rescues/_trace.html.erb (18.5ms)
  Rendered /home/jellojunkie/.rvm/gems/ruby-2.2.3/gems/actionpack-4.2.4/lib/action_dispatch/middleware/templates/rescues/_request_and_response.html.erb (1.5ms)
  Rendered /home/jellojunkie/.rvm/gems/ruby-2.2.3/gems/actionpack-4.2.4/lib/action_dispatch/middleware/templates/rescues/template_error.html.erb within rescues/layout (51.4ms)
  Rendered /home/jellojunkie/.rvm/gems/ruby-2.2.3/gems/web-console-2.2.1/lib/web_console/templates/_markup.html.erb (0.6ms)
  Rendered /home/jellojunkie/.rvm/gems/ruby-2.2.3/gems/web-console-2.2.1/lib/web_console/templates/_inner_console_markup.html.erb within layouts/inlined_string (0.6ms)
  Rendered /home/jellojunkie/.rvm/gems/ruby-2.2.3/gems/web-console-2.2.1/lib/web_console/templates/_prompt_box_markup.html.erb within layouts/inlined_string (0.4ms)
  Rendered /home/jellojunkie/.rvm/gems/ruby-2.2.3/gems/web-console-2.2.1/lib/web_console/templates/style.css.erb within layouts/inlined_string (0.3ms)
  Rendered /home/jellojunkie/.rvm/gems/ruby-2.2.3/gems/web-console-2.2.1/lib/web_console/templates/console.js.erb within layouts/javascript (23.8ms)
  Rendered /home/jellojunkie/.rvm/gems/ruby-2.2.3/gems/web-console-2.2.1/lib/web_console/templates/main.js.erb within layouts/javascript (0.4ms)
  Rendered /home/jellojunkie/.rvm/gems/ruby-2.2.3/gems/web-console-2.2.1/lib/web_console/templates/error_page.js.erb within layouts/javascript (0.6ms)
  Rendered /home/jellojunkie/.rvm/gems/ruby-2.2.3/gems/web-console-2.2.1/lib/web_console/templates/index.html.erb (48.8ms)


Started GET "/" for 127.0.0.1 at 2015-09-16 21:31:17 +0600
Processing by PostsController#index as HTML
  [1m[36mPost Load (1.1ms)[0m  [1mSELECT "posts".* FROM "posts"  ORDER BY "posts"."created_at" DESC[0m
  Rendered posts/index.html within layouts/application (3.7ms)
Completed 200 OK in 6227ms (Views: 6224.8ms | ActiveRecord: 1.1ms)


Started GET "/assets/application.self-253b5ad76a3ca326153400f88aa86da0a2e29f12f031cc8da88cd883b2f802c0.css?body=1" for 127.0.0.1 at 2015-09-16 21:31:23 +0600


Started GET "/assets/posts.self-e3b0c44298fc1c149afbf4c8996fb92427ae41e4649b934ca495991b7852b855.css?body=1" for 127.0.0.1 at 2015-09-16 21:31:24 +0600


Started GET "/assets/jquery.self-a714331225dda820228db323939889f149aec0127aeb06255646b616ba1ca419.js?body=1" for 127.0.0.1 at 2015-09-16 21:31:24 +0600


Started GET "/assets/bootstrap/affix.self-f7aef9d98ee5ece34a6a92a6a15bba777d93e8d908b75c95a85088277f394200.js?body=1" for 127.0.0.1 at 2015-09-16 21:31:24 +0600


Started GET "/assets/jquery_ujs.self-d456baa54c1fa6be2ec3711f0a72ddf7a5b2f34a6b4f515f33767d6207b7d4b3.js?body=1" for 127.0.0.1 at 2015-09-16 21:31:24 +0600


Started GET "/assets/turbolinks.self-c37727e9bd6b2735da5c311aa83fead54ed0be6cc8bd9a65309e9c5abe2cbfff.js?body=1" for 127.0.0.1 at 2015-09-16 21:31:24 +0600


Started GET "/assets/bootstrap/alert.self-896ab026e6823f5cef2441e07dac53d0692a5b772ac58b1ce20aa624c342d3f4.js?body=1" for 127.0.0.1 at 2015-09-16 21:31:24 +0600


Started GET "/assets/bootstrap/button.self-d19f3e2bcd3a7a4d75c11b9141b3fabd2c11987da1e99c85548ec3ecf8db30c3.js?body=1" for 127.0.0.1 at 2015-09-16 21:31:24 +0600


Started GET "/assets/bootstrap/carousel.self-b2e5e14483e6c31343a83861b7d487620f143d6fc2d07d5ae7544b6b225ba6be.js?body=1" for 127.0.0.1 at 2015-09-16 21:31:24 +0600


Started GET "/assets/bootstrap/collapse.self-93820e9b486e375a7fb4477602def3a6f8381fa6d50938d5378297ffbe4a1248.js?body=1" for 127.0.0.1 at 2015-09-16 21:31:24 +0600


Started GET "/assets/bootstrap/dropdown.self-30536ae4d54b2685c26b5787ed0eb549a9075717fe690cce6270873bedf2df00.js?body=1" for 127.0.0.1 at 2015-09-16 21:31:24 +0600


Started GET "/assets/bootstrap/tab.self-9b77df34cbbb08ec93a806d6cdb741f04e3dbf3389978a0679146f2d2987bc89.js?body=1" for 127.0.0.1 at 2015-09-16 21:31:24 +0600


Started GET "/assets/bootstrap/transition.self-9616c4e856b57659b67da3c6f2adcd584b5601ef4bebcdadab8ebb387d80bb25.js?body=1" for 127.0.0.1 at 2015-09-16 21:31:24 +0600


Started GET "/assets/bootstrap/scrollspy.self-c5c6ed008955656d345067e9821d79f1216b8383134d08465d4aa1a33a2b93b4.js?body=1" for 127.0.0.1 at 2015-09-16 21:31:24 +0600


Started GET "/assets/bootstrap/modal.self-bcfe54f3132bf16a8c5ce4289e47eba488f6522a08f49f378a037061c6c7aa4c.js?body=1" for 127.0.0.1 at 2015-09-16 21:31:24 +0600


Started GET "/assets/bootstrap/tooltip.self-3aa41fbe871573b34e0ebddf31598cd5a11a9841ca85f90934ea46326e46626d.js?body=1" for 127.0.0.1 at 2015-09-16 21:31:24 +0600


Started GET "/assets/bootstrap/popover.self-b73e9c9111d01148e24bbc46e096782e024dc5db630e7078cf11ed2587ef8551.js?body=1" for 127.0.0.1 at 2015-09-16 21:31:24 +0600


Started GET "/assets/bootstrap-sprockets.self-fbfa5ad7d9aa0afe439ec4ff3883acc4cb92b62cb67c40d674320c9aa1d4642d.js?body=1" for 127.0.0.1 at 2015-09-16 21:31:24 +0600


Started GET "/assets/posts.self-877aef30ae1b040ab8a3aba4e3e309a11d7f2612f44dde450b5c157aa5f95c05.js?body=1" for 127.0.0.1 at 2015-09-16 21:31:24 +0600


Started GET "/assets/application.self-f8806224e027f3e3f0138ea9ce99319e298dfdb323304d1f1be6eae8e8c74724.js?body=1" for 127.0.0.1 at 2015-09-16 21:31:24 +0600


Started GET "/" for 127.0.0.1 at 2015-09-16 21:31:52 +0600
Processing by PostsController#index as HTML
  [1m[35mPost Load (2.2ms)[0m  SELECT "posts".* FROM "posts"  ORDER BY "posts"."created_at" DESC
  Rendered posts/index.html within layouts/application (5.3ms)
Completed 200 OK in 417ms (Views: 413.7ms | ActiveRecord: 2.2ms)


Started GET "/assets/application.self-253b5ad76a3ca326153400f88aa86da0a2e29f12f031cc8da88cd883b2f802c0.css?body=1" for 127.0.0.1 at 2015-09-16 21:31:53 +0600


Started GET "/assets/jquery.self-a714331225dda820228db323939889f149aec0127aeb06255646b616ba1ca419.js?body=1" for 127.0.0.1 at 2015-09-16 21:31:53 +0600


Started GET "/assets/turbolinks.self-c37727e9bd6b2735da5c311aa83fead54ed0be6cc8bd9a65309e9c5abe2cbfff.js?body=1" for 127.0.0.1 at 2015-09-16 21:31:53 +0600


Started GET "/assets/jquery_ujs.self-d456baa54c1fa6be2ec3711f0a72ddf7a5b2f34a6b4f515f33767d6207b7d4b3.js?body=1" for 127.0.0.1 at 2015-09-16 21:31:53 +0600


Started GET "/assets/bootstrap/affix.self-f7aef9d98ee5ece34a6a92a6a15bba777d93e8d908b75c95a85088277f394200.js?body=1" for 127.0.0.1 at 2015-09-16 21:31:53 +0600


Started GET "/assets/posts.self-e3b0c44298fc1c149afbf4c8996fb92427ae41e4649b934ca495991b7852b855.css?body=1" for 127.0.0.1 at 2015-09-16 21:31:53 +0600


Started GET "/assets/bootstrap/alert.self-896ab026e6823f5cef2441e07dac53d0692a5b772ac58b1ce20aa624c342d3f4.js?body=1" for 127.0.0.1 at 2015-09-16 21:31:53 +0600


Started GET "/assets/bootstrap/button.self-d19f3e2bcd3a7a4d75c11b9141b3fabd2c11987da1e99c85548ec3ecf8db30c3.js?body=1" for 127.0.0.1 at 2015-09-16 21:31:53 +0600


Started GET "/assets/bootstrap/carousel.self-b2e5e14483e6c31343a83861b7d487620f143d6fc2d07d5ae7544b6b225ba6be.js?body=1" for 127.0.0.1 at 2015-09-16 21:31:53 +0600


Started GET "/assets/bootstrap/collapse.self-93820e9b486e375a7fb4477602def3a6f8381fa6d50938d5378297ffbe4a1248.js?body=1" for 127.0.0.1 at 2015-09-16 21:31:53 +0600


Started GET "/assets/bootstrap/dropdown.self-30536ae4d54b2685c26b5787ed0eb549a9075717fe690cce6270873bedf2df00.js?body=1" for 127.0.0.1 at 2015-09-16 21:31:53 +0600


Started GET "/assets/bootstrap/tab.self-9b77df34cbbb08ec93a806d6cdb741f04e3dbf3389978a0679146f2d2987bc89.js?body=1" for 127.0.0.1 at 2015-09-16 21:31:53 +0600


Started GET "/assets/bootstrap/transition.self-9616c4e856b57659b67da3c6f2adcd584b5601ef4bebcdadab8ebb387d80bb25.js?body=1" for 127.0.0.1 at 2015-09-16 21:31:53 +0600


Started GET "/assets/bootstrap/scrollspy.self-c5c6ed008955656d345067e9821d79f1216b8383134d08465d4aa1a33a2b93b4.js?body=1" for 127.0.0.1 at 2015-09-16 21:31:53 +0600


Started GET "/assets/bootstrap/modal.self-bcfe54f3132bf16a8c5ce4289e47eba488f6522a08f49f378a037061c6c7aa4c.js?body=1" for 127.0.0.1 at 2015-09-16 21:31:53 +0600


Started GET "/assets/bootstrap/tooltip.self-3aa41fbe871573b34e0ebddf31598cd5a11a9841ca85f90934ea46326e46626d.js?body=1" for 127.0.0.1 at 2015-09-16 21:31:53 +0600


Started GET "/assets/bootstrap/popover.self-b73e9c9111d01148e24bbc46e096782e024dc5db630e7078cf11ed2587ef8551.js?body=1" for 127.0.0.1 at 2015-09-16 21:31:53 +0600


Started GET "/assets/bootstrap-sprockets.self-fbfa5ad7d9aa0afe439ec4ff3883acc4cb92b62cb67c40d674320c9aa1d4642d.js?body=1" for 127.0.0.1 at 2015-09-16 21:31:53 +0600


Started GET "/assets/posts.self-877aef30ae1b040ab8a3aba4e3e309a11d7f2612f44dde450b5c157aa5f95c05.js?body=1" for 127.0.0.1 at 2015-09-16 21:31:53 +0600


Started GET "/assets/application.self-f8806224e027f3e3f0138ea9ce99319e298dfdb323304d1f1be6eae8e8c74724.js?body=1" for 127.0.0.1 at 2015-09-16 21:31:53 +0600


Started GET "/" for 127.0.0.1 at 2015-09-16 21:33:18 +0600
Processing by PostsController#index as HTML
  [1m[36mPost Load (0.5ms)[0m  [1mSELECT "posts".* FROM "posts"  ORDER BY "posts"."created_at" DESC[0m
  Rendered posts/index.html within layouts/application (4.5ms)
Completed 200 OK in 284ms (Views: 282.7ms | ActiveRecord: 0.5ms)


Started GET "/assets/posts.self-e3b0c44298fc1c149afbf4c8996fb92427ae41e4649b934ca495991b7852b855.css?body=1" for 127.0.0.1 at 2015-09-16 21:33:18 +0600


Started GET "/assets/application.self-253b5ad76a3ca326153400f88aa86da0a2e29f12f031cc8da88cd883b2f802c0.css?body=1" for 127.0.0.1 at 2015-09-16 21:33:18 +0600


Started GET "/assets/jquery.self-a714331225dda820228db323939889f149aec0127aeb06255646b616ba1ca419.js?body=1" for 127.0.0.1 at 2015-09-16 21:33:18 +0600


Started GET "/assets/bootstrap/affix.self-f7aef9d98ee5ece34a6a92a6a15bba777d93e8d908b75c95a85088277f394200.js?body=1" for 127.0.0.1 at 2015-09-16 21:33:18 +0600


Started GET "/assets/turbolinks.self-c37727e9bd6b2735da5c311aa83fead54ed0be6cc8bd9a65309e9c5abe2cbfff.js?body=1" for 127.0.0.1 at 2015-09-16 21:33:18 +0600


Started GET "/assets/jquery_ujs.self-d456baa54c1fa6be2ec3711f0a72ddf7a5b2f34a6b4f515f33767d6207b7d4b3.js?body=1" for 127.0.0.1 at 2015-09-16 21:33:18 +0600


Started GET "/assets/bootstrap/alert.self-896ab026e6823f5cef2441e07dac53d0692a5b772ac58b1ce20aa624c342d3f4.js?body=1" for 127.0.0.1 at 2015-09-16 21:33:18 +0600


Started GET "/assets/bootstrap/carousel.self-b2e5e14483e6c31343a83861b7d487620f143d6fc2d07d5ae7544b6b225ba6be.js?body=1" for 127.0.0.1 at 2015-09-16 21:33:18 +0600


Started GET "/assets/bootstrap/collapse.self-93820e9b486e375a7fb4477602def3a6f8381fa6d50938d5378297ffbe4a1248.js?body=1" for 127.0.0.1 at 2015-09-16 21:33:18 +0600


Started GET "/assets/bootstrap/button.self-d19f3e2bcd3a7a4d75c11b9141b3fabd2c11987da1e99c85548ec3ecf8db30c3.js?body=1" for 127.0.0.1 at 2015-09-16 21:33:18 +0600


Started GET "/assets/bootstrap/dropdown.self-30536ae4d54b2685c26b5787ed0eb549a9075717fe690cce6270873bedf2df00.js?body=1" for 127.0.0.1 at 2015-09-16 21:33:18 +0600


Started GET "/assets/bootstrap/tab.self-9b77df34cbbb08ec93a806d6cdb741f04e3dbf3389978a0679146f2d2987bc89.js?body=1" for 127.0.0.1 at 2015-09-16 21:33:18 +0600


Started GET "/assets/bootstrap/transition.self-9616c4e856b57659b67da3c6f2adcd584b5601ef4bebcdadab8ebb387d80bb25.js?body=1" for 127.0.0.1 at 2015-09-16 21:33:18 +0600


Started GET "/assets/bootstrap/scrollspy.self-c5c6ed008955656d345067e9821d79f1216b8383134d08465d4aa1a33a2b93b4.js?body=1" for 127.0.0.1 at 2015-09-16 21:33:18 +0600


Started GET "/assets/bootstrap/modal.self-bcfe54f3132bf16a8c5ce4289e47eba488f6522a08f49f378a037061c6c7aa4c.js?body=1" for 127.0.0.1 at 2015-09-16 21:33:19 +0600


Started GET "/assets/bootstrap/tooltip.self-3aa41fbe871573b34e0ebddf31598cd5a11a9841ca85f90934ea46326e46626d.js?body=1" for 127.0.0.1 at 2015-09-16 21:33:19 +0600


Started GET "/assets/bootstrap/popover.self-b73e9c9111d01148e24bbc46e096782e024dc5db630e7078cf11ed2587ef8551.js?body=1" for 127.0.0.1 at 2015-09-16 21:33:19 +0600


Started GET "/assets/bootstrap-sprockets.self-fbfa5ad7d9aa0afe439ec4ff3883acc4cb92b62cb67c40d674320c9aa1d4642d.js?body=1" for 127.0.0.1 at 2015-09-16 21:33:19 +0600


Started GET "/assets/posts.self-877aef30ae1b040ab8a3aba4e3e309a11d7f2612f44dde450b5c157aa5f95c05.js?body=1" for 127.0.0.1 at 2015-09-16 21:33:19 +0600


Started GET "/assets/application.self-f8806224e027f3e3f0138ea9ce99319e298dfdb323304d1f1be6eae8e8c74724.js?body=1" for 127.0.0.1 at 2015-09-16 21:33:19 +0600


Started GET "/" for 127.0.0.1 at 2015-09-16 21:33:48 +0600
Processing by PostsController#index as HTML
  [1m[35mPost Load (1.3ms)[0m  SELECT "posts".* FROM "posts"  ORDER BY "posts"."created_at" DESC
  Rendered posts/index.html within layouts/application (6.5ms)
Completed 200 OK in 276ms (Views: 273.5ms | ActiveRecord: 1.3ms)


Started GET "/assets/posts.self-e3b0c44298fc1c149afbf4c8996fb92427ae41e4649b934ca495991b7852b855.css?body=1" for 127.0.0.1 at 2015-09-16 21:33:49 +0600


Started GET "/assets/jquery_ujs.self-d456baa54c1fa6be2ec3711f0a72ddf7a5b2f34a6b4f515f33767d6207b7d4b3.js?body=1" for 127.0.0.1 at 2015-09-16 21:33:49 +0600


Started GET "/assets/application.self-253b5ad76a3ca326153400f88aa86da0a2e29f12f031cc8da88cd883b2f802c0.css?body=1" for 127.0.0.1 at 2015-09-16 21:33:49 +0600


Started GET "/assets/bootstrap/affix.self-f7aef9d98ee5ece34a6a92a6a15bba777d93e8d908b75c95a85088277f394200.js?body=1" for 127.0.0.1 at 2015-09-16 21:33:49 +0600


Started GET "/assets/turbolinks.self-c37727e9bd6b2735da5c311aa83fead54ed0be6cc8bd9a65309e9c5abe2cbfff.js?body=1" for 127.0.0.1 at 2015-09-16 21:33:49 +0600


Started GET "/assets/jquery.self-a714331225dda820228db323939889f149aec0127aeb06255646b616ba1ca419.js?body=1" for 127.0.0.1 at 2015-09-16 21:33:49 +0600


Started GET "/assets/bootstrap/alert.self-896ab026e6823f5cef2441e07dac53d0692a5b772ac58b1ce20aa624c342d3f4.js?body=1" for 127.0.0.1 at 2015-09-16 21:33:49 +0600


Started GET "/assets/bootstrap/button.self-d19f3e2bcd3a7a4d75c11b9141b3fabd2c11987da1e99c85548ec3ecf8db30c3.js?body=1" for 127.0.0.1 at 2015-09-16 21:33:49 +0600


Started GET "/assets/bootstrap/carousel.self-b2e5e14483e6c31343a83861b7d487620f143d6fc2d07d5ae7544b6b225ba6be.js?body=1" for 127.0.0.1 at 2015-09-16 21:33:49 +0600


Started GET "/assets/bootstrap/collapse.self-93820e9b486e375a7fb4477602def3a6f8381fa6d50938d5378297ffbe4a1248.js?body=1" for 127.0.0.1 at 2015-09-16 21:33:49 +0600


Started GET "/assets/bootstrap/dropdown.self-30536ae4d54b2685c26b5787ed0eb549a9075717fe690cce6270873bedf2df00.js?body=1" for 127.0.0.1 at 2015-09-16 21:33:49 +0600


Started GET "/assets/bootstrap/tab.self-9b77df34cbbb08ec93a806d6cdb741f04e3dbf3389978a0679146f2d2987bc89.js?body=1" for 127.0.0.1 at 2015-09-16 21:33:49 +0600


Started GET "/assets/bootstrap/transition.self-9616c4e856b57659b67da3c6f2adcd584b5601ef4bebcdadab8ebb387d80bb25.js?body=1" for 127.0.0.1 at 2015-09-16 21:33:49 +0600


Started GET "/assets/bootstrap/scrollspy.self-c5c6ed008955656d345067e9821d79f1216b8383134d08465d4aa1a33a2b93b4.js?body=1" for 127.0.0.1 at 2015-09-16 21:33:49 +0600


Started GET "/assets/bootstrap/modal.self-bcfe54f3132bf16a8c5ce4289e47eba488f6522a08f49f378a037061c6c7aa4c.js?body=1" for 127.0.0.1 at 2015-09-16 21:33:49 +0600


Started GET "/assets/bootstrap/tooltip.self-3aa41fbe871573b34e0ebddf31598cd5a11a9841ca85f90934ea46326e46626d.js?body=1" for 127.0.0.1 at 2015-09-16 21:33:49 +0600


Started GET "/assets/bootstrap/popover.self-b73e9c9111d01148e24bbc46e096782e024dc5db630e7078cf11ed2587ef8551.js?body=1" for 127.0.0.1 at 2015-09-16 21:33:49 +0600


Started GET "/assets/bootstrap-sprockets.self-fbfa5ad7d9aa0afe439ec4ff3883acc4cb92b62cb67c40d674320c9aa1d4642d.js?body=1" for 127.0.0.1 at 2015-09-16 21:33:49 +0600


Started GET "/assets/posts.self-877aef30ae1b040ab8a3aba4e3e309a11d7f2612f44dde450b5c157aa5f95c05.js?body=1" for 127.0.0.1 at 2015-09-16 21:33:49 +0600


Started GET "/assets/application.self-f8806224e027f3e3f0138ea9ce99319e298dfdb323304d1f1be6eae8e8c74724.js?body=1" for 127.0.0.1 at 2015-09-16 21:33:49 +0600


Started GET "/" for 127.0.0.1 at 2015-09-16 21:34:05 +0600
Processing by PostsController#index as HTML
  [1m[36mPost Load (2.4ms)[0m  [1mSELECT "posts".* FROM "posts"  ORDER BY "posts"."created_at" DESC[0m
  Rendered posts/index.html within layouts/application (6.9ms)
Completed 200 OK in 310ms (Views: 306.8ms | ActiveRecord: 2.4ms)


Started GET "/assets/posts.self-e3b0c44298fc1c149afbf4c8996fb92427ae41e4649b934ca495991b7852b855.css?body=1" for 127.0.0.1 at 2015-09-16 21:34:06 +0600


Started GET "/assets/application.self-253b5ad76a3ca326153400f88aa86da0a2e29f12f031cc8da88cd883b2f802c0.css?body=1" for 127.0.0.1 at 2015-09-16 21:34:06 +0600


Started GET "/assets/jquery.self-a714331225dda820228db323939889f149aec0127aeb06255646b616ba1ca419.js?body=1" for 127.0.0.1 at 2015-09-16 21:34:06 +0600


Started GET "/assets/jquery_ujs.self-d456baa54c1fa6be2ec3711f0a72ddf7a5b2f34a6b4f515f33767d6207b7d4b3.js?body=1" for 127.0.0.1 at 2015-09-16 21:34:06 +0600


Started GET "/assets/turbolinks.self-c37727e9bd6b2735da5c311aa83fead54ed0be6cc8bd9a65309e9c5abe2cbfff.js?body=1" for 127.0.0.1 at 2015-09-16 21:34:06 +0600


Started GET "/assets/bootstrap/affix.self-f7aef9d98ee5ece34a6a92a6a15bba777d93e8d908b75c95a85088277f394200.js?body=1" for 127.0.0.1 at 2015-09-16 21:34:06 +0600


Started GET "/assets/bootstrap/alert.self-896ab026e6823f5cef2441e07dac53d0692a5b772ac58b1ce20aa624c342d3f4.js?body=1" for 127.0.0.1 at 2015-09-16 21:34:06 +0600


Started GET "/assets/bootstrap/button.self-d19f3e2bcd3a7a4d75c11b9141b3fabd2c11987da1e99c85548ec3ecf8db30c3.js?body=1" for 127.0.0.1 at 2015-09-16 21:34:06 +0600


Started GET "/assets/bootstrap/carousel.self-b2e5e14483e6c31343a83861b7d487620f143d6fc2d07d5ae7544b6b225ba6be.js?body=1" for 127.0.0.1 at 2015-09-16 21:34:06 +0600


Started GET "/assets/bootstrap/collapse.self-93820e9b486e375a7fb4477602def3a6f8381fa6d50938d5378297ffbe4a1248.js?body=1" for 127.0.0.1 at 2015-09-16 21:34:06 +0600


Started GET "/assets/bootstrap/dropdown.self-30536ae4d54b2685c26b5787ed0eb549a9075717fe690cce6270873bedf2df00.js?body=1" for 127.0.0.1 at 2015-09-16 21:34:06 +0600


Started GET "/assets/bootstrap/tab.self-9b77df34cbbb08ec93a806d6cdb741f04e3dbf3389978a0679146f2d2987bc89.js?body=1" for 127.0.0.1 at 2015-09-16 21:34:06 +0600


Started GET "/assets/bootstrap/transition.self-9616c4e856b57659b67da3c6f2adcd584b5601ef4bebcdadab8ebb387d80bb25.js?body=1" for 127.0.0.1 at 2015-09-16 21:34:06 +0600


Started GET "/assets/bootstrap/scrollspy.self-c5c6ed008955656d345067e9821d79f1216b8383134d08465d4aa1a33a2b93b4.js?body=1" for 127.0.0.1 at 2015-09-16 21:34:06 +0600


Started GET "/assets/bootstrap/modal.self-bcfe54f3132bf16a8c5ce4289e47eba488f6522a08f49f378a037061c6c7aa4c.js?body=1" for 127.0.0.1 at 2015-09-16 21:34:06 +0600


Started GET "/assets/bootstrap/tooltip.self-3aa41fbe871573b34e0ebddf31598cd5a11a9841ca85f90934ea46326e46626d.js?body=1" for 127.0.0.1 at 2015-09-16 21:34:06 +0600


Started GET "/assets/bootstrap/popover.self-b73e9c9111d01148e24bbc46e096782e024dc5db630e7078cf11ed2587ef8551.js?body=1" for 127.0.0.1 at 2015-09-16 21:34:06 +0600


Started GET "/assets/bootstrap-sprockets.self-fbfa5ad7d9aa0afe439ec4ff3883acc4cb92b62cb67c40d674320c9aa1d4642d.js?body=1" for 127.0.0.1 at 2015-09-16 21:34:06 +0600


Started GET "/assets/posts.self-877aef30ae1b040ab8a3aba4e3e309a11d7f2612f44dde450b5c157aa5f95c05.js?body=1" for 127.0.0.1 at 2015-09-16 21:34:06 +0600


Started GET "/assets/application.self-f8806224e027f3e3f0138ea9ce99319e298dfdb323304d1f1be6eae8e8c74724.js?body=1" for 127.0.0.1 at 2015-09-16 21:34:06 +0600
